L 08/11/2017 - 03:38:09: SourceMod error session started
L 08/11/2017 - 03:38:09: Info (map "tfdb_rocketbucks_v2") (file "errors_20170811.log")
L 08/11/2017 - 03:38:09: [SM] Exception reported: Client index 2 is invalid (arg 2)
L 08/11/2017 - 03:38:09: [SM] Blaming: rules.smx
L 08/11/2017 - 03:38:09: [SM] Call stack trace:
L 08/11/2017 - 03:38:09: [SM]   [0] PrintToServer
L 08/11/2017 - 03:38:09: [SM]   [1] Line 145, D:\b\2015\plugin\rules.sp::RulesMenuHandler
L 08/11/2017 - 03:38:10: Error log file session closed.
L 08/11/2017 - 10:50:48: SourceMod error session started
L 08/11/2017 - 10:50:48: Info (map "tfdb_octagon_a6_fix_w") (file "errors_20170811.log")
L 08/11/2017 - 10:50:48: [SM] Exception reported: NULL not allowed
L 08/11/2017 - 10:50:48: [SM] Blaming: unusual_reborn.smx
L 08/11/2017 - 10:50:48: [SM] Call stack trace:
L 08/11/2017 - 10:50:48: [SM]   [0] EquipPlayerWeapon
L 08/11/2017 - 10:50:48: [SM]   [1] Line 368, D:\sourcemod\unusual_reborn.sp::UpdateWeapon
L 08/11/2017 - 10:50:48: [SM]   [2] Line 232, D:\sourcemod\unusual_reborn.sp::EventPlayerSpawn
L 08/11/2017 - 11:26:57: Error log file session closed.
L 08/11/2017 - 13:30:10: SourceMod error session started
L 08/11/2017 - 13:30:10: Info (map "tfdb_rocketbucks_v2") (file "errors_20170811.log")
L 08/11/2017 - 13:30:10: [SM] Exception reported: Client index 6 is invalid (arg 2)
L 08/11/2017 - 13:30:10: [SM] Blaming: rules.smx
L 08/11/2017 - 13:30:10: [SM] Call stack trace:
L 08/11/2017 - 13:30:10: [SM]   [0] PrintToServer
L 08/11/2017 - 13:30:10: [SM]   [1] Line 145, D:\b\2015\plugin\rules.sp::RulesMenuHandler
L 08/11/2017 - 13:56:07: [SM] Exception reported: Client index 3 is invalid (arg 2)
L 08/11/2017 - 13:56:07: [SM] Blaming: rules.smx
L 08/11/2017 - 13:56:07: [SM] Call stack trace:
L 08/11/2017 - 13:56:07: [SM]   [0] PrintToServer
L 08/11/2017 - 13:56:07: [SM]   [1] Line 145, D:\b\2015\plugin\rules.sp::RulesMenuHandler
L 08/11/2017 - 14:35:38: Error log file session closed.
L 08/11/2017 - 18:29:35: SourceMod error session started
L 08/11/2017 - 18:29:35: Info (map "tfdb_rocketbucks_v2") (file "errors_20170811.log")
L 08/11/2017 - 18:29:35: [SM] Exception reported: Client index 5 is invalid (arg 2)
L 08/11/2017 - 18:29:35: [SM] Blaming: rules.smx
L 08/11/2017 - 18:29:35: [SM] Call stack trace:
L 08/11/2017 - 18:29:35: [SM]   [0] PrintToServer
L 08/11/2017 - 18:29:35: [SM]   [1] Line 145, D:\b\2015\plugin\rules.sp::RulesMenuHandler
L 08/11/2017 - 18:50:20: Error log file session closed.
L 08/11/2017 - 20:51:19: SourceMod error session started
L 08/11/2017 - 20:51:19: Info (map "tfdb_rocketbucks_v2") (file "errors_20170811.log")
L 08/11/2017 - 20:51:19: [SM] Exception reported: Client index 4 is invalid (arg 2)
L 08/11/2017 - 20:51:19: [SM] Blaming: rules.smx
L 08/11/2017 - 20:51:19: [SM] Call stack trace:
L 08/11/2017 - 20:51:19: [SM]   [0] PrintToServer
L 08/11/2017 - 20:51:19: [SM]   [1] Line 145, D:\b\2015\plugin\rules.sp::RulesMenuHandler
L 08/11/2017 - 20:51:21: Error log file session closed.
L 08/11/2017 - 20:55:53: SourceMod error session started
L 08/11/2017 - 20:55:53: Info (map "tfdb_octagon_a6_fix_w") (file "errors_20170811.log")
L 08/11/2017 - 20:55:53: [SM] Exception reported: Client index 8 is invalid (arg 2)
L 08/11/2017 - 20:55:53: [SM] Blaming: rules.smx
L 08/11/2017 - 20:55:53: [SM] Call stack trace:
L 08/11/2017 - 20:55:53: [SM]   [0] PrintToServer
L 08/11/2017 - 20:55:53: [SM]   [1] Line 145, D:\b\2015\plugin\rules.sp::RulesMenuHandler
L 08/11/2017 - 21:52:15: Error log file session closed.
L 08/11/2017 - 22:24:35: SourceMod error session started
L 08/11/2017 - 22:24:35: Info (map "tfdb_rocketbucks_v2") (file "errors_20170811.log")
L 08/11/2017 - 22:24:35: [SM] Exception reported: Client index 3 is invalid (arg 2)
L 08/11/2017 - 22:24:35: [SM] Blaming: rules.smx
L 08/11/2017 - 22:24:35: [SM] Call stack trace:
L 08/11/2017 - 22:24:35: [SM]   [0] PrintToServer
L 08/11/2017 - 22:24:35: [SM]   [1] Line 145, D:\b\2015\plugin\rules.sp::RulesMenuHandler
L 08/11/2017 - 22:53:00: Error log file session closed.
L 08/11/2017 - 23:27:33: SourceMod error session started
L 08/11/2017 - 23:27:33: Info (map "tfdb_octagon_a6_fix_w") (file "errors_20170811.log")
L 08/11/2017 - 23:27:33: [SM] Exception reported: Client index 2 is invalid (arg 2)
L 08/11/2017 - 23:27:33: [SM] Blaming: rules.smx
L 08/11/2017 - 23:27:33: [SM] Call stack trace:
L 08/11/2017 - 23:27:33: [SM]   [0] PrintToServer
L 08/11/2017 - 23:27:33: [SM]   [1] Line 145, D:\b\2015\plugin\rules.sp::RulesMenuHandler
L 08/11/2017 - 23:41:48: [SM] Exception reported: Client index 10 is invalid (arg 2)
L 08/11/2017 - 23:41:48: [SM] Blaming: rules.smx
L 08/11/2017 - 23:41:48: [SM] Call stack trace:
L 08/11/2017 - 23:41:48: [SM]   [0] PrintToServer
L 08/11/2017 - 23:41:48: [SM]   [1] Line 145, D:\b\2015\plugin\rules.sp::RulesMenuHandler
L 08/11/2017 - 23:52:41: [SM] Exception reported: Client index 4 is invalid (arg 2)
L 08/11/2017 - 23:52:41: [SM] Blaming: rules.smx
L 08/11/2017 - 23:52:41: [SM] Call stack trace:
L 08/11/2017 - 23:52:41: [SM]   [0] PrintToServer
L 08/11/2017 - 23:52:41: [SM]   [1] Line 145, D:\b\2015\plugin\rules.sp::RulesMenuHandler
L 08/11/2017 - 23:53:45: Error log file session closed.
