L 08/07/2017 - 00:49:52: SourceMod error session started
L 08/07/2017 - 00:49:52: Info (map "tfdb_octagon_a6_fix_w") (file "errors_20170807.log")
L 08/07/2017 - 00:49:52: Error log file session closed.
L 08/07/2017 - 07:00:22: SourceMod error session started
L 08/07/2017 - 07:00:22: Info (map "tfdb_octagon_a6_fix_w") (file "errors_20170807.log")
L 08/07/2017 - 07:00:22: [serverhop.smx] Server 46.174.49.21:27240 is down: socket error 6 (errno 111)
L 08/07/2017 - 08:46:45: Error log file session closed.
L 08/07/2017 - 12:13:59: SourceMod error session started
L 08/07/2017 - 12:13:59: Info (map "tfdb_octagon_a6_fix_w") (file "errors_20170807.log")
L 08/07/2017 - 12:13:59: [SM] Exception reported: Client index 5 is invalid (arg 2)
L 08/07/2017 - 12:13:59: [SM] Blaming: rules.smx
L 08/07/2017 - 12:13:59: [SM] Call stack trace:
L 08/07/2017 - 12:13:59: [SM]   [0] PrintToServer
L 08/07/2017 - 12:13:59: [SM]   [1] Line 145, D:\b\2015\plugin\rules.sp::RulesMenuHandler
L 08/07/2017 - 12:14:01: Error log file session closed.
L 08/07/2017 - 12:14:19: SourceMod error session started
L 08/07/2017 - 12:14:19: Info (map "tfdb_octagon_a6_fix_w") (file "errors_20170807.log")
L 08/07/2017 - 12:14:19: [SM] Exception reported: Client index 5 is invalid (arg 2)
L 08/07/2017 - 12:14:19: [SM] Blaming: rules.smx
L 08/07/2017 - 12:14:19: [SM] Call stack trace:
L 08/07/2017 - 12:14:19: [SM]   [0] PrintToServer
L 08/07/2017 - 12:14:19: [SM]   [1] Line 145, D:\b\2015\plugin\rules.sp::RulesMenuHandler
L 08/07/2017 - 13:14:47: Error log file session closed.
L 08/07/2017 - 14:36:30: SourceMod error session started
L 08/07/2017 - 14:36:30: Info (map "tfdb_octagon_a6_fix_w") (file "errors_20170807.log")
L 08/07/2017 - 14:36:30: [SM] Exception reported: Entity -1 (-1) is invalid
L 08/07/2017 - 14:36:30: [SM] Blaming: DB_Reborn.smx
L 08/07/2017 - 14:36:30: [SM] Call stack trace:
L 08/07/2017 - 14:36:30: [SM]   [0] SetEntPropVector
L 08/07/2017 - 14:36:30: [SM]   [1] Line 305, D:\DB_Reborn.sp::ApplyRocketParameters
L 08/07/2017 - 14:36:30: [SM]   [2] Line 349, D:\DB_Reborn.sp::OnDodgeBallGameFrame
L 08/07/2017 - 15:16:05: Error log file session closed.
L 08/07/2017 - 16:22:02: SourceMod error session started
L 08/07/2017 - 16:22:02: Info (map "tfdb_octagon_a6_fix_w") (file "errors_20170807.log")
L 08/07/2017 - 16:22:02: [SM] Exception reported: Client index 3 is invalid (arg 2)
L 08/07/2017 - 16:22:02: [SM] Blaming: rules.smx
L 08/07/2017 - 16:22:02: [SM] Call stack trace:
L 08/07/2017 - 16:22:02: [SM]   [0] PrintToServer
L 08/07/2017 - 16:22:02: [SM]   [1] Line 145, D:\b\2015\plugin\rules.sp::RulesMenuHandler
L 08/07/2017 - 16:23:53: Error log file session closed.
L 08/07/2017 - 16:34:45: SourceMod error session started
L 08/07/2017 - 16:34:45: Info (map "tfdb_octagon_a6_fix_w") (file "errors_20170807.log")
L 08/07/2017 - 16:34:45: [SM] Exception reported: NULL not allowed
L 08/07/2017 - 16:34:45: [SM] Blaming: unusual_reborn.smx
L 08/07/2017 - 16:34:45: [SM] Call stack trace:
L 08/07/2017 - 16:34:45: [SM]   [0] EquipPlayerWeapon
L 08/07/2017 - 16:34:45: [SM]   [1] Line 368, D:\sourcemod\unusual_reborn.sp::UpdateWeapon
L 08/07/2017 - 16:34:45: [SM]   [2] Line 232, D:\sourcemod\unusual_reborn.sp::EventPlayerSpawn
L 08/07/2017 - 17:24:50: Error log file session closed.
L 08/07/2017 - 17:25:53: SourceMod error session started
L 08/07/2017 - 17:25:53: Info (map "tfdb_octagon_a6_fix_w") (file "errors_20170807.log")
L 08/07/2017 - 17:25:53: [SM] Exception reported: Client index 8 is invalid (arg 2)
L 08/07/2017 - 17:25:53: [SM] Blaming: rules.smx
L 08/07/2017 - 17:25:53: [SM] Call stack trace:
L 08/07/2017 - 17:25:53: [SM]   [0] PrintToServer
L 08/07/2017 - 17:25:53: [SM]   [1] Line 145, D:\b\2015\plugin\rules.sp::RulesMenuHandler
L 08/07/2017 - 18:25:28: Error log file session closed.
L 08/07/2017 - 19:01:39: SourceMod error session started
L 08/07/2017 - 19:01:39: Info (map "tfdb_octagon_a6_fix_w") (file "errors_20170807.log")
L 08/07/2017 - 19:01:39: [SM] Exception reported: Client index 0 is invalid
L 08/07/2017 - 19:01:39: [SM] Blaming: cw.smx
L 08/07/2017 - 19:01:39: [SM] Call stack trace:
L 08/07/2017 - 19:01:39: [SM]   [0] PrintToChat
L 08/07/2017 - 19:01:39: [SM]   [1] Line 163, D:\sourcemod\cw.sp::Command_password_get
L 08/07/2017 - 19:01:58: [SM] Exception reported: Client index 0 is invalid
L 08/07/2017 - 19:01:58: [SM] Blaming: cw.smx
L 08/07/2017 - 19:01:58: [SM] Call stack trace:
L 08/07/2017 - 19:01:58: [SM]   [0] PrintToChat
L 08/07/2017 - 19:01:58: [SM]   [1] Line 163, D:\sourcemod\cw.sp::Command_password_get
L 08/07/2017 - 19:02:21: [SM] Exception reported: Client index 0 is invalid
L 08/07/2017 - 19:02:21: [SM] Blaming: cw.smx
L 08/07/2017 - 19:02:21: [SM] Call stack trace:
L 08/07/2017 - 19:02:21: [SM]   [0] PrintToChat
L 08/07/2017 - 19:02:21: [SM]   [1] Line 163, D:\sourcemod\cw.sp::Command_password_get
L 08/07/2017 - 19:02:56: [SM] Exception reported: Client index 0 is invalid
L 08/07/2017 - 19:02:56: [SM] Blaming: cw.smx
L 08/07/2017 - 19:02:56: [SM] Call stack trace:
L 08/07/2017 - 19:02:56: [SM]   [0] PrintToChat
L 08/07/2017 - 19:02:56: [SM]   [1] Line 163, D:\sourcemod\cw.sp::Command_password_get
L 08/07/2017 - 19:44:03: Error log file session closed.
L 08/07/2017 - 19:44:20: SourceMod error session started
L 08/07/2017 - 19:44:20: Info (map "tfdb_octagon_a6_fix_w") (file "errors_20170807.log")
L 08/07/2017 - 19:44:20: [SM] Exception reported: Client index 7 is invalid (arg 2)
L 08/07/2017 - 19:44:20: [SM] Blaming: rules.smx
L 08/07/2017 - 19:44:20: [SM] Call stack trace:
L 08/07/2017 - 19:44:20: [SM]   [0] PrintToServer
L 08/07/2017 - 19:44:20: [SM]   [1] Line 145, D:\b\2015\plugin\rules.sp::RulesMenuHandler
L 08/07/2017 - 20:44:22: Error log file session closed.
L 08/07/2017 - 20:54:40: SourceMod error session started
L 08/07/2017 - 20:54:40: Info (map "tfdb_octagon_a6_fix_w") (file "errors_20170807.log")
L 08/07/2017 - 20:54:40: [SM] Exception reported: Client index 5 is invalid (arg 2)
L 08/07/2017 - 20:54:40: [SM] Blaming: rules.smx
L 08/07/2017 - 20:54:40: [SM] Call stack trace:
L 08/07/2017 - 20:54:40: [SM]   [0] PrintToServer
L 08/07/2017 - 20:54:40: [SM]   [1] Line 145, D:\b\2015\plugin\rules.sp::RulesMenuHandler
L 08/07/2017 - 21:31:38: [SM] Exception reported: Client index 1 is invalid (arg 2)
L 08/07/2017 - 21:31:38: [SM] Blaming: rules.smx
L 08/07/2017 - 21:31:38: [SM] Call stack trace:
L 08/07/2017 - 21:31:38: [SM]   [0] PrintToServer
L 08/07/2017 - 21:31:38: [SM]   [1] Line 145, D:\b\2015\plugin\rules.sp::RulesMenuHandler
L 08/07/2017 - 21:44:56: Error log file session closed.
L 08/07/2017 - 21:45:08: SourceMod error session started
L 08/07/2017 - 21:45:08: Info (map "tfdb_octagon_a6_fix_w") (file "errors_20170807.log")
L 08/07/2017 - 21:45:08: [SM] Exception reported: Client index 1 is invalid (arg 2)
L 08/07/2017 - 21:45:08: [SM] Blaming: rules.smx
L 08/07/2017 - 21:45:08: [SM] Call stack trace:
L 08/07/2017 - 21:45:08: [SM]   [0] PrintToServer
L 08/07/2017 - 21:45:08: [SM]   [1] Line 145, D:\b\2015\plugin\rules.sp::RulesMenuHandler
L 08/07/2017 - 22:45:42: Error log file session closed.
L 08/07/2017 - 22:46:05: SourceMod error session started
L 08/07/2017 - 22:46:05: Info (map "tfdb_octagon_a6_fix_w") (file "errors_20170807.log")
L 08/07/2017 - 22:46:05: [SM] Exception reported: Client index 1 is invalid (arg 2)
L 08/07/2017 - 22:46:05: [SM] Blaming: rules.smx
L 08/07/2017 - 22:46:05: [SM] Call stack trace:
L 08/07/2017 - 22:46:05: [SM]   [0] PrintToServer
L 08/07/2017 - 22:46:05: [SM]   [1] Line 145, D:\b\2015\plugin\rules.sp::RulesMenuHandler
L 08/07/2017 - 23:46:37: Error log file session closed.
