L 08/10/2017 - 00:07:58: SourceMod error session started
L 08/10/2017 - 00:07:58: Info (map "tfdb_octagon_a6_fix_w") (file "errors_20170810.log")
L 08/10/2017 - 00:07:58: [SM] Exception reported: String formatted incorrectly - parameter 3 (total 2)
L 08/10/2017 - 00:07:58: [SM] Blaming: donator.colorchat.smx
L 08/10/2017 - 00:07:58: [SM] Call stack trace:
L 08/10/2017 - 00:07:58: [SM]   [0] VFormat
L 08/10/2017 - 00:07:58: [SM]   [1] Line 167, D:/sourcemod/include\colors.inc::CPrintToChatAllEx
L 08/10/2017 - 00:07:58: [SM]   [2] Line 195, D:\sourcemod\donator.colorchat.sp::SayCallback
L 08/10/2017 - 01:02:35: Error log file session closed.
L 08/10/2017 - 01:22:09: SourceMod error session started
L 08/10/2017 - 01:22:09: Info (map "tfdb_rocketbucks_v2") (file "errors_20170810.log")
L 08/10/2017 - 01:22:09: [SM] Exception reported: Client index 1 is invalid (arg 2)
L 08/10/2017 - 01:22:09: [SM] Blaming: rules.smx
L 08/10/2017 - 01:22:09: [SM] Call stack trace:
L 08/10/2017 - 01:22:09: [SM]   [0] PrintToServer
L 08/10/2017 - 01:22:09: [SM]   [1] Line 145, D:\b\2015\plugin\rules.sp::RulesMenuHandler
L 08/10/2017 - 01:22:36: [SM] Exception reported: Client index 1 is invalid (arg 2)
L 08/10/2017 - 01:22:36: [SM] Blaming: rules.smx
L 08/10/2017 - 01:22:36: [SM] Call stack trace:
L 08/10/2017 - 01:22:36: [SM]   [0] PrintToServer
L 08/10/2017 - 01:22:36: [SM]   [1] Line 145, D:\b\2015\plugin\rules.sp::RulesMenuHandler
L 08/10/2017 - 02:03:45: Error log file session closed.
L 08/10/2017 - 05:03:50: SourceMod error session started
L 08/10/2017 - 05:03:50: Info (map "tfdb_octagon_a6_fix_w") (file "errors_20170810.log")
L 08/10/2017 - 05:03:50: [SM] Exception reported: Client index 1 is invalid (arg 2)
L 08/10/2017 - 05:03:50: [SM] Blaming: rules.smx
L 08/10/2017 - 05:03:50: [SM] Call stack trace:
L 08/10/2017 - 05:03:50: [SM]   [0] PrintToServer
L 08/10/2017 - 05:03:50: [SM]   [1] Line 145, D:\b\2015\plugin\rules.sp::RulesMenuHandler
L 08/10/2017 - 05:14:01: Error log file session closed.
L 08/10/2017 - 07:10:14: SourceMod error session started
L 08/10/2017 - 07:10:14: Info (map "tfdb_octagon_a6_fix_w") (file "errors_20170810.log")
L 08/10/2017 - 07:10:14: [SM] Exception reported: Client index 1 is invalid (arg 2)
L 08/10/2017 - 07:10:14: [SM] Blaming: rules.smx
L 08/10/2017 - 07:10:14: [SM] Call stack trace:
L 08/10/2017 - 07:10:14: [SM]   [0] PrintToServer
L 08/10/2017 - 07:10:14: [SM]   [1] Line 145, D:\b\2015\plugin\rules.sp::RulesMenuHandler
L 08/10/2017 - 10:03:04: Error log file session closed.
L 08/10/2017 - 10:54:37: SourceMod error session started
L 08/10/2017 - 10:54:37: Info (map "tfdb_rocketbucks_v2") (file "errors_20170810.log")
L 08/10/2017 - 10:54:37: [SM] Exception reported: NULL not allowed
L 08/10/2017 - 10:54:37: [SM] Blaming: unusual_reborn.smx
L 08/10/2017 - 10:54:37: [SM] Call stack trace:
L 08/10/2017 - 10:54:37: [SM]   [0] EquipPlayerWeapon
L 08/10/2017 - 10:54:37: [SM]   [1] Line 368, D:\sourcemod\unusual_reborn.sp::UpdateWeapon
L 08/10/2017 - 10:54:37: [SM]   [2] Line 232, D:\sourcemod\unusual_reborn.sp::EventPlayerSpawn
L 08/10/2017 - 11:09:10: Error log file session closed.
L 08/10/2017 - 15:11:31: SourceMod error session started
L 08/10/2017 - 15:11:31: Info (map "tfdb_octagon_a6_fix_w") (file "errors_20170810.log")
L 08/10/2017 - 15:11:31: [SM] Exception reported: Client index 8 is invalid (arg 2)
L 08/10/2017 - 15:11:31: [SM] Blaming: rules.smx
L 08/10/2017 - 15:11:31: [SM] Call stack trace:
L 08/10/2017 - 15:11:31: [SM]   [0] PrintToServer
L 08/10/2017 - 15:11:31: [SM]   [1] Line 145, D:\b\2015\plugin\rules.sp::RulesMenuHandler
L 08/10/2017 - 15:42:54: [SM] Exception reported: NULL not allowed
L 08/10/2017 - 15:42:54: [SM] Blaming: unusual_reborn.smx
L 08/10/2017 - 15:42:54: [SM] Call stack trace:
L 08/10/2017 - 15:42:54: [SM]   [0] EquipPlayerWeapon
L 08/10/2017 - 15:42:54: [SM]   [1] Line 368, D:\sourcemod\unusual_reborn.sp::UpdateWeapon
L 08/10/2017 - 15:42:54: [SM]   [2] Line 232, D:\sourcemod\unusual_reborn.sp::EventPlayerSpawn
L 08/10/2017 - 16:17:30: Error log file session closed.
L 08/10/2017 - 16:24:50: SourceMod error session started
L 08/10/2017 - 16:24:50: Info (map "tfdb_rocketbucks_v2") (file "errors_20170810.log")
L 08/10/2017 - 16:24:50: [SM] Exception reported: NULL not allowed
L 08/10/2017 - 16:24:50: [SM] Blaming: unusual_reborn.smx
L 08/10/2017 - 16:24:50: [SM] Call stack trace:
L 08/10/2017 - 16:24:50: [SM]   [0] EquipPlayerWeapon
L 08/10/2017 - 16:24:50: [SM]   [1] Line 368, D:\sourcemod\unusual_reborn.sp::UpdateWeapon
L 08/10/2017 - 16:24:50: [SM]   [2] Line 232, D:\sourcemod\unusual_reborn.sp::EventPlayerSpawn
L 08/10/2017 - 16:42:06: [SM] Exception reported: NULL not allowed
L 08/10/2017 - 16:42:06: [SM] Blaming: unusual_reborn.smx
L 08/10/2017 - 16:42:06: [SM] Call stack trace:
L 08/10/2017 - 16:42:06: [SM]   [0] EquipPlayerWeapon
L 08/10/2017 - 16:42:06: [SM]   [1] Line 368, D:\sourcemod\unusual_reborn.sp::UpdateWeapon
L 08/10/2017 - 16:42:06: [SM]   [2] Line 232, D:\sourcemod\unusual_reborn.sp::EventPlayerSpawn
L 08/10/2017 - 17:13:42: [SM] Exception reported: NULL not allowed
L 08/10/2017 - 17:13:42: [SM] Blaming: unusual_reborn.smx
L 08/10/2017 - 17:13:42: [SM] Call stack trace:
L 08/10/2017 - 17:13:42: [SM]   [0] EquipPlayerWeapon
L 08/10/2017 - 17:13:42: [SM]   [1] Line 368, D:\sourcemod\unusual_reborn.sp::UpdateWeapon
L 08/10/2017 - 17:13:42: [SM]   [2] Line 232, D:\sourcemod\unusual_reborn.sp::EventPlayerSpawn
L 08/10/2017 - 17:17:46: [SM] Exception reported: Client index 7 is invalid (arg 2)
L 08/10/2017 - 17:17:46: [SM] Blaming: rules.smx
L 08/10/2017 - 17:17:46: [SM] Call stack trace:
L 08/10/2017 - 17:17:46: [SM]   [0] PrintToServer
L 08/10/2017 - 17:17:46: [SM]   [1] Line 145, D:\b\2015\plugin\rules.sp::RulesMenuHandler
L 08/10/2017 - 17:17:48: Error log file session closed.
L 08/10/2017 - 17:34:47: SourceMod error session started
L 08/10/2017 - 17:34:47: Info (map "tfdb_octagon_a6_fix_w") (file "errors_20170810.log")
L 08/10/2017 - 17:34:47: [SM] Exception reported: Client index 4 is invalid (arg 2)
L 08/10/2017 - 17:34:47: [SM] Blaming: rules.smx
L 08/10/2017 - 17:34:47: [SM] Call stack trace:
L 08/10/2017 - 17:34:47: [SM]   [0] PrintToServer
L 08/10/2017 - 17:34:47: [SM]   [1] Line 145, D:\b\2015\plugin\rules.sp::RulesMenuHandler
L 08/10/2017 - 18:18:12: Error log file session closed.
L 08/10/2017 - 18:57:31: SourceMod error session started
L 08/10/2017 - 18:57:31: Info (map "tfdb_octagon_a6_fix_w") (file "errors_20170810.log")
L 08/10/2017 - 18:57:31: [SM] Exception reported: Client index 1 is invalid (arg 2)
L 08/10/2017 - 18:57:31: [SM] Blaming: rules.smx
L 08/10/2017 - 18:57:31: [SM] Call stack trace:
L 08/10/2017 - 18:57:31: [SM]   [0] PrintToServer
L 08/10/2017 - 18:57:31: [SM]   [1] Line 145, D:\b\2015\plugin\rules.sp::RulesMenuHandler
L 08/10/2017 - 18:57:31: [SM] Exception reported: Client index 14 is invalid (arg 2)
L 08/10/2017 - 18:57:31: [SM] Blaming: rules.smx
L 08/10/2017 - 18:57:31: [SM] Call stack trace:
L 08/10/2017 - 18:57:31: [SM]   [0] PrintToServer
L 08/10/2017 - 18:57:31: [SM]   [1] Line 145, D:\b\2015\plugin\rules.sp::RulesMenuHandler
L 08/10/2017 - 18:57:31: [SM] Exception reported: Client index 4 is invalid (arg 2)
L 08/10/2017 - 18:57:31: [SM] Blaming: rules.smx
L 08/10/2017 - 18:57:31: [SM] Call stack trace:
L 08/10/2017 - 18:57:31: [SM]   [0] PrintToServer
L 08/10/2017 - 18:57:31: [SM]   [1] Line 145, D:\b\2015\plugin\rules.sp::RulesMenuHandler
L 08/10/2017 - 18:57:37: [SM] Exception reported: Client index 2 is invalid (arg 2)
L 08/10/2017 - 18:57:37: [SM] Blaming: rules.smx
L 08/10/2017 - 18:57:37: [SM] Call stack trace:
L 08/10/2017 - 18:57:37: [SM]   [0] PrintToServer
L 08/10/2017 - 18:57:37: [SM]   [1] Line 145, D:\b\2015\plugin\rules.sp::RulesMenuHandler
L 08/10/2017 - 18:57:37: [SM] Exception reported: Client index 6 is invalid (arg 2)
L 08/10/2017 - 18:57:37: [SM] Blaming: rules.smx
L 08/10/2017 - 18:57:37: [SM] Call stack trace:
L 08/10/2017 - 18:57:37: [SM]   [0] PrintToServer
L 08/10/2017 - 18:57:37: [SM]   [1] Line 145, D:\b\2015\plugin\rules.sp::RulesMenuHandler
L 08/10/2017 - 18:57:58: [SM] Exception reported: Client index 5 is invalid (arg 2)
L 08/10/2017 - 18:57:58: [SM] Blaming: rules.smx
L 08/10/2017 - 18:57:58: [SM] Call stack trace:
L 08/10/2017 - 18:57:58: [SM]   [0] PrintToServer
L 08/10/2017 - 18:57:58: [SM]   [1] Line 145, D:\b\2015\plugin\rules.sp::RulesMenuHandler
L 08/10/2017 - 18:57:58: [SM] Exception reported: Client index 7 is invalid (arg 2)
L 08/10/2017 - 18:57:58: [SM] Blaming: rules.smx
L 08/10/2017 - 18:57:58: [SM] Call stack trace:
L 08/10/2017 - 18:57:58: [SM]   [0] PrintToServer
L 08/10/2017 - 18:57:58: [SM]   [1] Line 145, D:\b\2015\plugin\rules.sp::RulesMenuHandler
L 08/10/2017 - 19:24:58: Error log file session closed.
L 08/10/2017 - 22:27:29: SourceMod error session started
L 08/10/2017 - 22:27:29: Info (map "tfdb_octagon_a6_fix_w") (file "errors_20170810.log")
L 08/10/2017 - 22:27:29: [SM] Exception reported: Client index 5 is invalid (arg 2)
L 08/10/2017 - 22:27:29: [SM] Blaming: rules.smx
L 08/10/2017 - 22:27:29: [SM] Call stack trace:
L 08/10/2017 - 22:27:29: [SM]   [0] PrintToServer
L 08/10/2017 - 22:27:29: [SM]   [1] Line 145, D:\b\2015\plugin\rules.sp::RulesMenuHandler
L 08/10/2017 - 22:27:31: Error log file session closed.
L 08/10/2017 - 22:27:56: SourceMod error session started
L 08/10/2017 - 22:27:56: Info (map "tfdb_rocketbucks_v2") (file "errors_20170810.log")
L 08/10/2017 - 22:27:56: [SM] Exception reported: Client index 1 is invalid (arg 2)
L 08/10/2017 - 22:27:56: [SM] Blaming: rules.smx
L 08/10/2017 - 22:27:56: [SM] Call stack trace:
L 08/10/2017 - 22:27:56: [SM]   [0] PrintToServer
L 08/10/2017 - 22:27:56: [SM]   [1] Line 145, D:\b\2015\plugin\rules.sp::RulesMenuHandler
L 08/10/2017 - 23:28:13: Error log file session closed.
