L 08/11/2017 - 00:25:23: SourceMod log file session started (file "L20170811.log") (Version "1.9.0.6098")
L 08/11/2017 - 00:25:23: [mapchooser.smx] Voting for next map has started.
L 08/11/2017 - 00:25:43: [mapchooser.smx] Voting for next map has finished. Nextmap: tfdb_rocketbucks_v2.
L 08/11/2017 - 00:28:38: [SM] Changed map to "tfdb_rocketbucks_v2"
L 08/11/2017 - 00:28:39: -------- Mapchange to tfdb_rocketbucks_v2 --------
L 08/11/2017 - 00:28:44: [unusual_reborn.smx] Unusual effects permissions loaded !
L 08/11/2017 - 00:28:49: [randomcycle.smx] RandomCycle has chosen tfdb_octagon_a6_fix_w for the nextmap.
L 08/11/2017 - 01:25:48: [mapchooser.smx] Voting for next map has started.
L 08/11/2017 - 01:25:49: [mapchooser.smx] Voting for next map has finished. Nextmap: tfdb_octagon_a6_fix_w.
L 08/11/2017 - 01:34:37: [SM] Changed map to "tfdb_octagon_a6_fix_w"
L 08/11/2017 - 01:34:38: -------- Mapchange to tfdb_octagon_a6_fix_w --------
L 08/11/2017 - 01:34:43: [unusual_reborn.smx] Unusual effects permissions loaded !
L 08/11/2017 - 01:34:49: [randomcycle.smx] RandomCycle has chosen tfdb_octagon_a6_fix_w for the nextmap.
L 08/11/2017 - 02:31:44: [mapchooser.smx] Voting for next map has started.
L 08/11/2017 - 02:32:04: [mapchooser.smx] Voting for next map has finished. Nextmap: tfdb_rocketbucks_v2.
L 08/11/2017 - 02:37:21: [SM] Changed map to "tfdb_rocketbucks_v2"
L 08/11/2017 - 02:37:22: -------- Mapchange to tfdb_rocketbucks_v2 --------
L 08/11/2017 - 02:37:27: [unusual_reborn.smx] Unusual effects permissions loaded !
L 08/11/2017 - 02:37:33: [randomcycle.smx] RandomCycle has chosen tfdb_octagon_a6_fix_w for the nextmap.
L 08/11/2017 - 03:34:26: [mapchooser.smx] Voting for next map has started.
L 08/11/2017 - 03:34:28: [mapchooser.smx] Voting for next map has finished. Nextmap: tfdb_octagon_a6_fix_w.
L 08/11/2017 - 03:38:09: [SM] Changed map to "tfdb_octagon_a6_fix_w"
L 08/11/2017 - 03:38:10: -------- Mapchange to tfdb_octagon_a6_fix_w --------
L 08/11/2017 - 03:38:15: [unusual_reborn.smx] Unusual effects permissions loaded !
L 08/11/2017 - 03:38:21: [randomcycle.smx] RandomCycle has chosen tfdb_rocketbucks_v2 for the nextmap.
L 08/11/2017 - 04:35:15: [mapchooser.smx] Voting for next map has started.
L 08/11/2017 - 04:47:32: [SM] Changed map to "tfdb_rocketbucks_v2"
L 08/11/2017 - 04:47:33: -------- Mapchange to tfdb_rocketbucks_v2 --------
L 08/11/2017 - 04:47:38: [unusual_reborn.smx] Unusual effects permissions loaded !
L 08/11/2017 - 04:47:44: [randomcycle.smx] RandomCycle has chosen tfdb_rocketbucks_v2 for the nextmap.
L 08/11/2017 - 05:44:37: [mapchooser.smx] Voting for next map has started.
L 08/11/2017 - 07:33:20: [SM] Changed map to "tfdb_octagon_a6_fix_w"
L 08/11/2017 - 07:33:21: -------- Mapchange to tfdb_octagon_a6_fix_w --------
L 08/11/2017 - 07:33:26: [unusual_reborn.smx] Unusual effects permissions loaded !
L 08/11/2017 - 07:33:31: [randomcycle.smx] RandomCycle has chosen tfdb_octagon_a6_fix_w for the nextmap.
L 08/11/2017 - 08:30:28: [mapchooser.smx] Voting for next map has started.
L 08/11/2017 - 08:33:44: [SM] Changed map to "tfdb_rocketbucks_v2"
L 08/11/2017 - 08:33:46: -------- Mapchange to tfdb_rocketbucks_v2 --------
L 08/11/2017 - 08:33:51: [unusual_reborn.smx] Unusual effects permissions loaded !
L 08/11/2017 - 08:33:56: [randomcycle.smx] RandomCycle has chosen tfdb_rocketbucks_v2 for the nextmap.
L 08/11/2017 - 09:30:49: [mapchooser.smx] Voting for next map has started.
L 08/11/2017 - 10:26:15: [SM] Changed map to "tfdb_octagon_a6_fix_w"
L 08/11/2017 - 10:26:16: -------- Mapchange to tfdb_octagon_a6_fix_w --------
L 08/11/2017 - 10:26:21: [unusual_reborn.smx] Unusual effects permissions loaded !
L 08/11/2017 - 10:26:27: [randomcycle.smx] RandomCycle has chosen tfdb_octagon_a6_fix_w for the nextmap.
L 08/11/2017 - 11:23:24: [mapchooser.smx] Voting for next map has started.
L 08/11/2017 - 11:23:39: [mapchooser.smx] Voting for next map has finished. Nextmap: tfdb_rocketbucks_v2.
L 08/11/2017 - 11:26:56: [SM] Changed map to "tfdb_rocketbucks_v2"
L 08/11/2017 - 11:26:57: -------- Mapchange to tfdb_rocketbucks_v2 --------
L 08/11/2017 - 11:27:02: [unusual_reborn.smx] Unusual effects permissions loaded !
L 08/11/2017 - 11:27:08: [randomcycle.smx] RandomCycle has chosen tfdb_octagon_a6_fix_w for the nextmap.
L 08/11/2017 - 12:24:08: [mapchooser.smx] Voting for next map has started.
L 08/11/2017 - 12:29:15: [SM] Changed map to "tfdb_octagon_a6_fix_w"
L 08/11/2017 - 12:29:17: -------- Mapchange to tfdb_octagon_a6_fix_w --------
L 08/11/2017 - 12:29:22: [unusual_reborn.smx] Unusual effects permissions loaded !
L 08/11/2017 - 12:29:28: [randomcycle.smx] RandomCycle has chosen tfdb_rocketbucks_v2 for the nextmap.
L 08/11/2017 - 13:26:22: [mapchooser.smx] Voting for next map has started.
L 08/11/2017 - 13:26:42: [mapchooser.smx] Voting for next map has finished. Nextmap: tfdb_rocketbucks_v2.
L 08/11/2017 - 13:29:43: [SM] Changed map to "tfdb_rocketbucks_v2"
L 08/11/2017 - 13:29:45: -------- Mapchange to tfdb_rocketbucks_v2 --------
L 08/11/2017 - 13:29:50: [unusual_reborn.smx] Unusual effects permissions loaded !
L 08/11/2017 - 13:29:56: [randomcycle.smx] RandomCycle has chosen tfdb_octagon_a6_fix_w for the nextmap.
L 08/11/2017 - 14:26:57: [mapchooser.smx] Voting for next map has started.
L 08/11/2017 - 14:27:00: [mapchooser.smx] Voting for next map has finished. Nextmap: tfdb_octagon_a6_fix_w.
L 08/11/2017 - 14:35:36: [SM] Changed map to "tfdb_octagon_a6_fix_w"
L 08/11/2017 - 14:35:38: -------- Mapchange to tfdb_octagon_a6_fix_w --------
L 08/11/2017 - 14:35:43: [unusual_reborn.smx] Unusual effects permissions loaded !
L 08/11/2017 - 14:35:49: [randomcycle.smx] RandomCycle has chosen tfdb_octagon_a6_fix_w for the nextmap.
L 08/11/2017 - 15:32:43: [mapchooser.smx] Voting for next map has started.
L 08/11/2017 - 15:33:00: [mapchooser.smx] Voting for next map has finished. Nextmap: tfdb_rocketbucks_v2.
L 08/11/2017 - 15:42:41: [SM] Changed map to "tfdb_rocketbucks_v2"
L 08/11/2017 - 15:42:43: -------- Mapchange to tfdb_rocketbucks_v2 --------
L 08/11/2017 - 15:42:48: [unusual_reborn.smx] Unusual effects permissions loaded !
L 08/11/2017 - 15:42:54: [randomcycle.smx] RandomCycle has chosen tfdb_octagon_a6_fix_w for the nextmap.
L 08/11/2017 - 16:39:49: [mapchooser.smx] Voting for next map has started.
L 08/11/2017 - 16:39:52: [mapchooser.smx] Voting for next map has finished. Nextmap: tfdb_octagon_a6_fix_w.
L 08/11/2017 - 16:45:56: [SM] Changed map to "tfdb_octagon_a6_fix_w"
L 08/11/2017 - 16:45:58: -------- Mapchange to tfdb_octagon_a6_fix_w --------
L 08/11/2017 - 16:46:03: [unusual_reborn.smx] Unusual effects permissions loaded !
L 08/11/2017 - 16:46:09: [randomcycle.smx] RandomCycle has chosen tfdb_octagon_a6_fix_w for the nextmap.
L 08/11/2017 - 17:43:08: [mapchooser.smx] Voting for next map has started.
L 08/11/2017 - 17:43:16: [mapchooser.smx] Voting for next map has finished. Nextmap: tfdb_rocketbucks_v2.
L 08/11/2017 - 17:46:26: [SM] Changed map to "tfdb_rocketbucks_v2"
L 08/11/2017 - 17:46:28: -------- Mapchange to tfdb_rocketbucks_v2 --------
L 08/11/2017 - 17:46:33: [unusual_reborn.smx] Unusual effects permissions loaded !
L 08/11/2017 - 17:46:39: [randomcycle.smx] RandomCycle has chosen tfdb_octagon_a6_fix_w for the nextmap.
L 08/11/2017 - 18:43:38: [mapchooser.smx] Voting for next map has started.
L 08/11/2017 - 18:43:42: [mapchooser.smx] Voting for next map has finished. Nextmap: tfdb_octagon_a6_fix_w.
L 08/11/2017 - 18:50:10: [basebans.smx] "meh<703><[U:1:97717735]><>" banned "Bot.<700><[U:1:450817632]><>" (minutes "0") (reason "Other")
L 08/11/2017 - 18:50:17: [SM] Changed map to "tfdb_octagon_a6_fix_w"
L 08/11/2017 - 18:50:20: -------- Mapchange to tfdb_octagon_a6_fix_w --------
L 08/11/2017 - 18:50:25: [unusual_reborn.smx] Unusual effects permissions loaded !
L 08/11/2017 - 18:50:31: [randomcycle.smx] RandomCycle has chosen tfdb_octagon_a6_fix_w for the nextmap.
L 08/11/2017 - 19:47:33: [mapchooser.smx] Voting for next map has started.
L 08/11/2017 - 19:47:54: [mapchooser.smx] Voting for next map has finished. Nextmap: tfdb_rocketbucks_v2.
L 08/11/2017 - 19:50:53: [SM] Changed map to "tfdb_rocketbucks_v2"
L 08/11/2017 - 19:50:55: -------- Mapchange to tfdb_rocketbucks_v2 --------
L 08/11/2017 - 19:51:00: [unusual_reborn.smx] Unusual effects permissions loaded !
L 08/11/2017 - 19:51:06: [randomcycle.smx] RandomCycle has chosen tfdb_rocketbucks_v2 for the nextmap.
L 08/11/2017 - 20:48:02: [mapchooser.smx] Voting for next map has started.
L 08/11/2017 - 20:48:04: [mapchooser.smx] Voting for next map has finished. Nextmap: tfdb_octagon_a6_fix_w.
L 08/11/2017 - 20:51:19: [SM] Changed map to "tfdb_octagon_a6_fix_w"
L 08/11/2017 - 20:51:21: -------- Mapchange to tfdb_octagon_a6_fix_w --------
L 08/11/2017 - 20:51:26: [unusual_reborn.smx] Unusual effects permissions loaded !
L 08/11/2017 - 20:51:32: [randomcycle.smx] RandomCycle has chosen tfdb_octagon_a6_fix_w for the nextmap.
L 08/11/2017 - 21:48:40: [mapchooser.smx] Voting for next map has started.
L 08/11/2017 - 21:49:01: [mapchooser.smx] Voting for next map has finished. Nextmap: tfdb_rocketbucks_v2.
L 08/11/2017 - 21:52:13: [SM] Changed map to "tfdb_rocketbucks_v2"
L 08/11/2017 - 21:52:15: -------- Mapchange to tfdb_rocketbucks_v2 --------
L 08/11/2017 - 21:52:20: [unusual_reborn.smx] Unusual effects permissions loaded !
L 08/11/2017 - 21:52:27: [randomcycle.smx] RandomCycle has chosen tfdb_octagon_a6_fix_w for the nextmap.
L 08/11/2017 - 22:26:21: [basebans.smx] "Vex<778><[U:1:211725457]><>" banned "that ass<777><[U:1:412386831]><>" (minutes "0") (reason "Stealing and blocking")
L 08/11/2017 - 22:49:30: [mapchooser.smx] Voting for next map has started.
L 08/11/2017 - 22:49:46: [mapchooser.smx] Voting for next map has finished. Nextmap: tfdb_octagon_a6_fix_w.
L 08/11/2017 - 22:52:57: [SM] Changed map to "tfdb_octagon_a6_fix_w"
L 08/11/2017 - 22:53:00: -------- Mapchange to tfdb_octagon_a6_fix_w --------
L 08/11/2017 - 22:53:05: [unusual_reborn.smx] Unusual effects permissions loaded !
L 08/11/2017 - 22:53:11: [randomcycle.smx] RandomCycle has chosen tfdb_octagon_a6_fix_w for the nextmap.
L 08/11/2017 - 23:50:16: [mapchooser.smx] Voting for next map has started.
L 08/11/2017 - 23:50:37: [mapchooser.smx] Voting for next map has finished. Nextmap: tfdb_rocketbucks_v2.
L 08/11/2017 - 23:53:43: [SM] Changed map to "tfdb_rocketbucks_v2"
L 08/11/2017 - 23:53:45: -------- Mapchange to tfdb_rocketbucks_v2 --------
L 08/11/2017 - 23:53:50: [unusual_reborn.smx] Unusual effects permissions loaded !
L 08/11/2017 - 23:53:57: [randomcycle.smx] RandomCycle has chosen tfdb_octagon_a6_fix_w for the nextmap.
