L 08/08/2017 - 00:47:03: SourceMod log file session started (file "L20170808.log") (Version "1.9.0.6098")
L 08/08/2017 - 00:47:03: [SM] Changed map to "tfdb_octagon_a6_fix_w"
L 08/08/2017 - 00:47:04: -------- Mapchange to tfdb_octagon_a6_fix_w --------
L 08/08/2017 - 00:47:09: [unusual_reborn.smx] Unusual effects permissions loaded !
L 08/08/2017 - 00:47:14: [randomcycle.smx] RandomCycle has chosen tfdb_octagon_a6_fix_w for the nextmap.
L 08/08/2017 - 01:47:23: [SM] Changed map to "tfdb_octagon_a6_fix_w"
L 08/08/2017 - 01:47:23: -------- Mapchange to tfdb_octagon_a6_fix_w --------
L 08/08/2017 - 01:47:29: [unusual_reborn.smx] Unusual effects permissions loaded !
L 08/08/2017 - 01:47:34: [randomcycle.smx] RandomCycle has chosen tfdb_octagon_a6_fix_w for the nextmap.
L 08/08/2017 - 02:56:11: [SM] Changed map to "tfdb_octagon_a6_fix_w"
L 08/08/2017 - 02:56:12: -------- Mapchange to tfdb_octagon_a6_fix_w --------
L 08/08/2017 - 02:56:17: [unusual_reborn.smx] Unusual effects permissions loaded !
L 08/08/2017 - 02:56:22: [randomcycle.smx] RandomCycle has chosen tfdb_octagon_a6_fix_w for the nextmap.
L 08/08/2017 - 03:56:33: [SM] Changed map to "tfdb_octagon_a6_fix_w"
L 08/08/2017 - 03:56:34: -------- Mapchange to tfdb_octagon_a6_fix_w --------
L 08/08/2017 - 03:56:39: [unusual_reborn.smx] Unusual effects permissions loaded !
L 08/08/2017 - 03:56:45: [randomcycle.smx] RandomCycle has chosen tfdb_octagon_a6_fix_w for the nextmap.
L 08/08/2017 - 05:00:42: [SM] Changed map to "tfdb_octagon_a6_fix_w"
L 08/08/2017 - 05:00:43: -------- Mapchange to tfdb_octagon_a6_fix_w --------
L 08/08/2017 - 05:00:48: [unusual_reborn.smx] Unusual effects permissions loaded !
L 08/08/2017 - 05:00:53: [randomcycle.smx] RandomCycle has chosen tfdb_octagon_a6_fix_w for the nextmap.
L 08/08/2017 - 10:38:15: [SM] Changed map to "tfdb_octagon_a6_fix_w"
L 08/08/2017 - 10:38:16: -------- Mapchange to tfdb_octagon_a6_fix_w --------
L 08/08/2017 - 10:38:21: [unusual_reborn.smx] Unusual effects permissions loaded !
L 08/08/2017 - 10:38:27: [randomcycle.smx] RandomCycle has chosen tfdb_octagon_a6_fix_w for the nextmap.
L 08/08/2017 - 11:44:12: [SM] Changed map to "tfdb_octagon_a6_fix_w"
L 08/08/2017 - 11:44:14: -------- Mapchange to tfdb_octagon_a6_fix_w --------
L 08/08/2017 - 11:44:19: [unusual_reborn.smx] Unusual effects permissions loaded !
L 08/08/2017 - 11:44:24: [randomcycle.smx] RandomCycle has chosen tfdb_octagon_a6_fix_w for the nextmap.
L 08/08/2017 - 12:45:47: [SM] Changed map to "tfdb_octagon_a6_fix_w"
L 08/08/2017 - 12:45:48: -------- Mapchange to tfdb_octagon_a6_fix_w --------
L 08/08/2017 - 12:45:53: [unusual_reborn.smx] Unusual effects permissions loaded !
L 08/08/2017 - 12:45:58: [randomcycle.smx] RandomCycle has chosen tfdb_octagon_a6_fix_w for the nextmap.
L 08/08/2017 - 13:11:45: [basebans.smx] "Vex<600><[U:1:211725457]><>" banned "Tanto<601><[U:1:441228439]><>" (minutes "1440") (reason "'Disrespecting admin'")
L 08/08/2017 - 13:17:37: [playercommands.smx] "Vex<603><[U:1:211725457]><>" slayed "Azerty<602><[U:1:411163754]><>"
L 08/08/2017 - 13:17:37: [playercommands.smx] "Vex<603><[U:1:211725457]><>" slayed "Vex<603><[U:1:211725457]><>"
L 08/08/2017 - 13:17:37: [playercommands.smx] "Vex<603><[U:1:211725457]><>" slayed "costa<599><[U:1:426475727]><>"
L 08/08/2017 - 13:17:37: [playercommands.smx] "Vex<603><[U:1:211725457]><>" slayed "er<604><[U:1:93195664]><>"
L 08/08/2017 - 13:46:30: [SM] Changed map to "tfdb_octagon_a6_fix_w"
L 08/08/2017 - 13:46:31: -------- Mapchange to tfdb_octagon_a6_fix_w --------
L 08/08/2017 - 13:46:36: [unusual_reborn.smx] Unusual effects permissions loaded !
L 08/08/2017 - 13:46:41: [randomcycle.smx] RandomCycle has chosen tfdb_octagon_a6_fix_w for the nextmap.
L 08/08/2017 - 14:22:58: [funcommands.smx] "Vex<614><[U:1:211725457]><>" ignited "乇ﾑ Legend<609><[U:1:94355827]><>" (seconds "20.000000")
L 08/08/2017 - 14:48:50: [SM] Changed map to "tfdb_octagon_a6_fix_w"
L 08/08/2017 - 14:48:51: -------- Mapchange to tfdb_octagon_a6_fix_w --------
L 08/08/2017 - 14:48:56: [unusual_reborn.smx] Unusual effects permissions loaded !
L 08/08/2017 - 14:49:02: [randomcycle.smx] RandomCycle has chosen tfdb_octagon_a6_fix_w for the nextmap.
L 08/08/2017 - 15:49:26: [SM] Changed map to "tfdb_octagon_a6_fix_w"
L 08/08/2017 - 15:49:27: -------- Mapchange to tfdb_octagon_a6_fix_w --------
L 08/08/2017 - 15:49:32: [unusual_reborn.smx] Unusual effects permissions loaded !
L 08/08/2017 - 15:49:38: [randomcycle.smx] RandomCycle has chosen tfdb_octagon_a6_fix_w for the nextmap.
L 08/08/2017 - 16:49:39: [SM] Changed map to "tfdb_octagon_a6_fix_w"
L 08/08/2017 - 16:49:41: -------- Mapchange to tfdb_octagon_a6_fix_w --------
L 08/08/2017 - 16:49:46: [unusual_reborn.smx] Unusual effects permissions loaded !
L 08/08/2017 - 16:49:52: [randomcycle.smx] RandomCycle has chosen tfdb_octagon_a6_fix_w for the nextmap.
L 08/08/2017 - 17:33:22: [basevotes.smx] "Vex<653><[U:1:211725457]><>" initiated a generic vote.
L 08/08/2017 - 17:33:46: [basecomm.smx] "Vex<653><[U:1:211725457]><>" muted "Pinki<648><[U:1:102973553]><>"
L 08/08/2017 - 17:34:01: [playercommands.smx] "Vex<653><[U:1:211725457]><>" slayed "Pinki<648><[U:1:102973553]><>"
L 08/08/2017 - 17:50:25: [SM] Changed map to "tfdb_octagon_a6_fix_w"
L 08/08/2017 - 17:50:26: -------- Mapchange to tfdb_octagon_a6_fix_w --------
L 08/08/2017 - 17:50:31: [unusual_reborn.smx] Unusual effects permissions loaded !
L 08/08/2017 - 17:50:37: [randomcycle.smx] RandomCycle has chosen tfdb_octagon_a6_fix_w for the nextmap.
L 08/08/2017 - 18:25:43: [basebans.smx] "Console<0><Console><Console>" banned "Pinki<677><[U:1:102973553]><>" (minutes "5760") (reason ""fk u"")
L 08/08/2017 - 18:51:01: [basechat.smx] "Vex<697><[U:1:211725457]><>" triggered sm_csay (text CW in 5 mins)
L 08/08/2017 - 18:51:44: [SM] Changed map to "tfdb_octagon_a6_fix_w"
L 08/08/2017 - 18:51:46: -------- Mapchange to tfdb_octagon_a6_fix_w --------
L 08/08/2017 - 18:51:51: [unusual_reborn.smx] Unusual effects permissions loaded !
L 08/08/2017 - 18:51:57: [randomcycle.smx] RandomCycle has chosen tfdb_octagon_a6_fix_w for the nextmap.
L 08/08/2017 - 18:55:25: [basecommands.smx] "Vex<697><[U:1:211725457]><>" kicked "Hei<675><[U:1:106720834]><>" (reason "")
L 08/08/2017 - 18:55:25: [basecommands.smx] "Vex<697><[U:1:211725457]><>" kicked "Smokah<665><[U:1:162079346]><>" (reason "")
L 08/08/2017 - 18:55:25: [basecommands.smx] "Vex<697><[U:1:211725457]><>" kicked "[EDP1]BlackWolfƮŁŚĐ<700><[U:1:252493896]><>" (reason "")
L 08/08/2017 - 18:55:25: [basecommands.smx] "Vex<697><[U:1:211725457]><>" kicked "PinkiLuna<705><[U:1:77045555]><>" (reason "")
L 08/08/2017 - 18:55:25: [basecommands.smx] "Vex<697><[U:1:211725457]><>" kicked "78ping pvpro.com<706><[U:1:144383140]><>" (reason "")
L 08/08/2017 - 18:55:25: [basecommands.smx] "Vex<697><[U:1:211725457]><>" kicked "乇ﾑ Golia†h<696><[U:1:96973726]><>" (reason "")
L 08/08/2017 - 18:55:25: [basecommands.smx] "Vex<697><[U:1:211725457]><>" kicked "Real Joker<680><[U:1:156594836]><>" (reason "")
L 08/08/2017 - 18:55:25: [basecommands.smx] "Vex<697><[U:1:211725457]><>" kicked "[EDP1]「ɀonฮs390™」<704><[U:1:180206816]><>" (reason "")
L 08/08/2017 - 18:55:25: [basecommands.smx] "Vex<697><[U:1:211725457]><>" kicked "rebb<702><[U:1:165916353]><>" (reason "")
L 08/08/2017 - 18:55:25: [basecommands.smx] "Vex<697><[U:1:211725457]><>" kicked "[EDP1]Legendaire<703><[U:1:68463769]><>" (reason "")
L 08/08/2017 - 18:55:25: [basecommands.smx] "Vex<697><[U:1:211725457]><>" kicked "Vex<697><[U:1:211725457]><>" (reason "")
L 08/08/2017 - 18:58:12: [basevotes.smx] "Vex<712><[U:1:211725457]><>" initiated a generic vote.
L 08/08/2017 - 19:03:10: [basechat.smx] "Vex<712><[U:1:211725457]><>" triggered sm_csay (text START)
L 08/08/2017 - 19:04:16: [basecommands.smx] "Vex<712><[U:1:211725457]><>" changed map to "tfdb_octagon_a6_fix_w"
L 08/08/2017 - 19:04:19: [SM] Changed map to "tfdb_octagon_a6_fix_w"
L 08/08/2017 - 19:04:21: -------- Mapchange to tfdb_octagon_a6_fix_w --------
L 08/08/2017 - 19:04:26: [unusual_reborn.smx] Unusual effects permissions loaded !
L 08/08/2017 - 19:04:32: [randomcycle.smx] RandomCycle has chosen tfdb_octagon_a6_fix_w for the nextmap.
L 08/08/2017 - 19:08:58: [playercommands.smx] "Vex<712><[U:1:211725457]><>" slayed "papur<722><[U:1:116234228]><>"
L 08/08/2017 - 19:11:38: [playercommands.smx] "Vex<712><[U:1:211725457]><>" slayed "[DK] Castelera<723><[U:1:287076502]><>"
L 08/08/2017 - 19:12:10: [basecommands.smx] "Vex<712><[U:1:211725457]><>" kicked "[DK] Castelera<723><[U:1:287076502]><>" (reason "Clan war ongoing - do not rejoin")
L 08/08/2017 - 19:27:14: [basechat.smx] "Vex<712><[U:1:211725457]><>" triggered sm_csay (text Hime wins)
L 08/08/2017 - 19:34:15: [playercommands.smx] "Vex<712><[U:1:211725457]><>" slapped "hi(its)me<718><[U:1:144383140]><>" (damage "0")
L 08/08/2017 - 19:34:38: [playercommands.smx] "Vex<712><[U:1:211725457]><>" slapped "hi(its)me<718><[U:1:144383140]><>" (damage "0")
L 08/08/2017 - 19:34:38: [playercommands.smx] "Vex<712><[U:1:211725457]><>" slapped "hi(its)me<718><[U:1:144383140]><>" (damage "0")
L 08/08/2017 - 19:34:39: [playercommands.smx] "Vex<712><[U:1:211725457]><>" slapped "hi(its)me<718><[U:1:144383140]><>" (damage "0")
L 08/08/2017 - 19:34:39: [playercommands.smx] "Vex<712><[U:1:211725457]><>" slapped "hi(its)me<718><[U:1:144383140]><>" (damage "0")
L 08/08/2017 - 19:34:39: [playercommands.smx] "Vex<712><[U:1:211725457]><>" slapped "hi(its)me<718><[U:1:144383140]><>" (damage "0")
L 08/08/2017 - 19:34:39: [playercommands.smx] "Vex<712><[U:1:211725457]><>" slapped "hi(its)me<718><[U:1:144383140]><>" (damage "0")
L 08/08/2017 - 19:34:39: [playercommands.smx] "Vex<712><[U:1:211725457]><>" slapped "hi(its)me<718><[U:1:144383140]><>" (damage "0")
L 08/08/2017 - 19:34:40: [playercommands.smx] "Vex<712><[U:1:211725457]><>" slapped "hi(its)me<718><[U:1:144383140]><>" (damage "0")
L 08/08/2017 - 19:34:41: [playercommands.smx] "Vex<712><[U:1:211725457]><>" slapped "hi(its)me<718><[U:1:144383140]><>" (damage "0")
L 08/08/2017 - 19:34:41: [playercommands.smx] "Vex<712><[U:1:211725457]><>" slapped "hi(its)me<718><[U:1:144383140]><>" (damage "0")
L 08/08/2017 - 19:34:41: [playercommands.smx] "Vex<712><[U:1:211725457]><>" slapped "hi(its)me<718><[U:1:144383140]><>" (damage "0")
L 08/08/2017 - 19:34:41: [playercommands.smx] "Vex<712><[U:1:211725457]><>" slapped "hi(its)me<718><[U:1:144383140]><>" (damage "0")
L 08/08/2017 - 19:53:34: [playercommands.smx] "meh<725><[U:1:97717735]><>" slapped "underage racoon<729><[U:1:158312302]><>" (damage "0")
L 08/08/2017 - 20:02:24: [playercommands.smx] "Vex<737><[U:1:211725457]><>" slapped "Smokah<721><[U:1:162079346]><>" (damage "0")
L 08/08/2017 - 20:04:54: [SM] Changed map to "tfdb_octagon_a6_fix_w"
L 08/08/2017 - 20:04:56: -------- Mapchange to tfdb_octagon_a6_fix_w --------
L 08/08/2017 - 20:05:01: [unusual_reborn.smx] Unusual effects permissions loaded !
L 08/08/2017 - 20:05:07: [randomcycle.smx] RandomCycle has chosen tfdb_octagon_a6_fix_w for the nextmap.
L 08/08/2017 - 20:47:43: [playercommands.smx] "Vex<745><[U:1:211725457]><>" slapped "Maester Abo<744><[U:1:106849032]><>" (damage "0")
L 08/08/2017 - 21:05:22: [SM] Changed map to "tfdb_octagon_a6_fix_w"
L 08/08/2017 - 21:05:24: -------- Mapchange to tfdb_octagon_a6_fix_w --------
L 08/08/2017 - 21:05:29: [unusual_reborn.smx] Unusual effects permissions loaded !
L 08/08/2017 - 21:05:35: [randomcycle.smx] RandomCycle has chosen tfdb_octagon_a6_fix_w for the nextmap.
L 08/08/2017 - 21:47:11: [basebans.smx] "Vex<758><[U:1:211725457]><>" removed ban (filter "STEAM_0:1:51486776")
L 08/08/2017 - 21:51:22: [funcommands.smx] "Vex<758><[U:1:211725457]><>" froze "Oracle BOT<759><BOT><>"
L 08/08/2017 - 22:30:03: [playercommands.smx] "Vex<758><[U:1:211725457]><>" slayed "Vex<758><[U:1:211725457]><>"
L 08/08/2017 - 22:44:57: [SM] Changed map to "tfdb_octagon_a6_fix_w"
L 08/08/2017 - 22:44:59: -------- Mapchange to tfdb_octagon_a6_fix_w --------
L 08/08/2017 - 22:45:04: [unusual_reborn.smx] Unusual effects permissions loaded !
L 08/08/2017 - 22:45:10: [randomcycle.smx] RandomCycle has chosen tfdb_octagon_a6_fix_w for the nextmap.
L 08/08/2017 - 23:10:20: -------- Mapchange to tfdb_rocketbucks_v2 --------
L 08/08/2017 - 23:10:25: [unusual_reborn.smx] Unusual effects permissions loaded !
L 08/08/2017 - 23:10:31: [randomcycle.smx] RandomCycle has chosen tfdb_octagon_a6_fix_w for the nextmap.
L 08/08/2017 - 23:21:58: [playercommands.smx] "meh<781><[U:1:97717735]><>" slapped "meh<781><[U:1:97717735]><>" (damage "0")
L 08/08/2017 - 23:22:03: [playercommands.smx] "Vex<758><[U:1:211725457]><>" slapped "Vex<758><[U:1:211725457]><>" (damage "0")
