L 08/09/2017 - 00:07:34: SourceMod log file session started (file "L20170809.log") (Version "1.9.0.6098")
L 08/09/2017 - 00:07:34: [mapchooser.smx] Voting for next map has started.
L 08/09/2017 - 00:07:42: [mapchooser.smx] Voting for next map has finished. Nextmap: tfdb_octagon_a6_fix_w.
L 08/09/2017 - 00:11:59: [SM] Changed map to "tfdb_octagon_a6_fix_w"
L 08/09/2017 - 00:12:01: -------- Mapchange to tfdb_octagon_a6_fix_w --------
L 08/09/2017 - 00:12:06: [unusual_reborn.smx] Unusual effects permissions loaded !
L 08/09/2017 - 00:12:11: [randomcycle.smx] RandomCycle has chosen tfdb_octagon_a6_fix_w for the nextmap.
L 08/09/2017 - 00:27:22: [playercommands.smx] "Vex<758><[U:1:211725457]><>" slapped "Breez<784><[U:1:123514082]><>" (damage "0")
L 08/09/2017 - 00:30:12: [playercommands.smx] "Vex<758><[U:1:211725457]><>" slayed "syx <783><[U:1:341254721]><>"
L 08/09/2017 - 00:45:23: [basechat.smx] "Console<0><Console><Console>" triggered sm_csay (text "We know")
L 08/09/2017 - 00:52:59: [playercommands.smx] "Console<0><Console><Console>" renamed "Jesus (Bday-in 3 days)<805><[U:1:85448518]><>" to "Jesus (Birthday 25th Dec)")
L 08/09/2017 - 00:53:04: [playercommands.smx] "Console<0><Console><Console>" renamed "Jesus (Birthday 25th Dec)<805><[U:1:85448518]><>" to "Jesus (Birthday 25th Dec)")
L 08/09/2017 - 00:59:42: [playercommands.smx] "Console<0><Console><Console>" renamed "OverLy<809><[U:1:180039813]><>" to "OverLy (Noob farmer)")
L 08/09/2017 - 01:12:46: [SM] Changed map to "tfdb_octagon_a6_fix_w"
L 08/09/2017 - 01:12:47: -------- Mapchange to tfdb_octagon_a6_fix_w --------
L 08/09/2017 - 01:12:53: [unusual_reborn.smx] Unusual effects permissions loaded !
L 08/09/2017 - 01:12:58: [randomcycle.smx] RandomCycle has chosen tfdb_octagon_a6_fix_w for the nextmap.
L 08/09/2017 - 01:53:52: [playercommands.smx] "Console<0><Console><Console>" renamed "OverLy<809><[U:1:180039813]><>" to "OverLy (Noob farmer)")
L 08/09/2017 - 02:20:42: [SM] Changed map to "tfdb_octagon_a6_fix_w"
L 08/09/2017 - 02:20:43: -------- Mapchange to tfdb_octagon_a6_fix_w --------
L 08/09/2017 - 02:20:49: [unusual_reborn.smx] Unusual effects permissions loaded !
L 08/09/2017 - 02:20:54: [randomcycle.smx] RandomCycle has chosen tfdb_octagon_a6_fix_w for the nextmap.
L 08/09/2017 - 03:25:07: [SM] Changed map to "tfdb_octagon_a6_fix_w"
L 08/09/2017 - 03:25:08: -------- Mapchange to tfdb_octagon_a6_fix_w --------
L 08/09/2017 - 03:25:13: [unusual_reborn.smx] Unusual effects permissions loaded !
L 08/09/2017 - 03:25:19: [randomcycle.smx] RandomCycle has chosen tfdb_octagon_a6_fix_w for the nextmap.
L 08/09/2017 - 04:27:05: [SM] Changed map to "tfdb_octagon_a6_fix_w"
L 08/09/2017 - 04:27:06: -------- Mapchange to tfdb_octagon_a6_fix_w --------
L 08/09/2017 - 04:27:11: [unusual_reborn.smx] Unusual effects permissions loaded !
L 08/09/2017 - 04:27:16: [randomcycle.smx] RandomCycle has chosen tfdb_octagon_a6_fix_w for the nextmap.
L 08/09/2017 - 08:42:11: [SM] Changed map to "tfdb_octagon_a6_fix_w"
L 08/09/2017 - 08:42:12: -------- Mapchange to tfdb_octagon_a6_fix_w --------
L 08/09/2017 - 08:42:17: [unusual_reborn.smx] Unusual effects permissions loaded !
L 08/09/2017 - 08:42:23: [randomcycle.smx] RandomCycle has chosen tfdb_octagon_a6_fix_w for the nextmap.
L 08/09/2017 - 09:49:18: [SM] Changed map to "tfdb_octagon_a6_fix_w"
L 08/09/2017 - 09:49:20: -------- Mapchange to tfdb_octagon_a6_fix_w --------
L 08/09/2017 - 09:49:25: [unusual_reborn.smx] Unusual effects permissions loaded !
L 08/09/2017 - 09:49:30: [randomcycle.smx] RandomCycle has chosen tfdb_octagon_a6_fix_w for the nextmap.
L 08/09/2017 - 10:49:47: [SM] Changed map to "tfdb_octagon_a6_fix_w"
L 08/09/2017 - 10:49:49: -------- Mapchange to tfdb_octagon_a6_fix_w --------
L 08/09/2017 - 10:49:54: [unusual_reborn.smx] Unusual effects permissions loaded !
L 08/09/2017 - 10:49:59: [randomcycle.smx] RandomCycle has chosen tfdb_octagon_a6_fix_w for the nextmap.
L 08/09/2017 - 11:42:22: SourceMod log file session started (file "L20170809.log") (Version "1.9.0.6098")
L 08/09/2017 - 11:42:22: -------- Mapchange to tfdb_octagon_a6_fix_w --------
L 08/09/2017 - 11:42:22: [TF2ITEMS] "GiveNamedItem" offset = 481
L 08/09/2017 - 11:42:25: [GEOIP] GeoIP database info: GEO-106FREE 20170502 Build 1 Copyright (c) 2017 MaxMind Inc All Rights Reserved
L 08/09/2017 - 11:42:27: [aimnames.smx] [AN] Client Preferences extension is loaded, checking database.
L 08/09/2017 - 11:42:27: [aimnames.smx] [AN] Database config 'clientprefs' was found.
L 08/09/2017 - 11:42:27: [aimnames.smx] [AN] Plugin will use Client Preferences.
L 08/09/2017 - 11:42:43: [unusual_reborn.smx] Unusual effects permissions loaded !
L 08/09/2017 - 11:42:43: [basecommands.smx] "Console<0><Console><Console>" changed cvar (cvar "nb_blind") (value "1")
L 08/09/2017 - 11:42:43: [basecommands.smx] "Console<0><Console><Console>" changed cvar (cvar "tf_flamethrower_burstammo") (value "0")
L 08/09/2017 - 11:42:43: [basecommands.smx] "Console<0><Console><Console>" changed cvar (cvar "tf_avoidteammates_pushaway") (value "0")
L 08/09/2017 - 11:42:49: [randomcycle.smx] RandomCycle has chosen tfdb_octagon_a6_fix_w for the nextmap.
L 08/09/2017 - 12:43:13: [SM] Changed map to "tfdb_octagon_a6_fix_w"
L 08/09/2017 - 12:43:14: -------- Mapchange to tfdb_octagon_a6_fix_w --------
L 08/09/2017 - 12:43:20: [unusual_reborn.smx] Unusual effects permissions loaded !
L 08/09/2017 - 12:43:25: [randomcycle.smx] RandomCycle has chosen tfdb_octagon_a6_fix_w for the nextmap.
L 08/09/2017 - 12:53:39: [basecommands.smx] "Vex<14><[U:1:211725457]><>" changed map to "tfdb_rocketbucks_v2"
L 08/09/2017 - 12:53:42: [SM] Changed map to "tfdb_rocketbucks_v2"
L 08/09/2017 - 12:53:43: -------- Mapchange to tfdb_rocketbucks_v2 --------
L 08/09/2017 - 12:53:48: [unusual_reborn.smx] Unusual effects permissions loaded !
L 08/09/2017 - 12:53:53: [randomcycle.smx] RandomCycle has chosen tfdb_octagon_a6_fix_w for the nextmap.
L 08/09/2017 - 12:57:23: [funcommands.smx] "Vex<14><[U:1:211725457]><>" froze "Oracle BOT<21><BOT><>"
L 08/09/2017 - 12:59:53: [playercommands.smx] "Vex<14><[U:1:211725457]><>" slayed "Mr.killer<25><[U:1:330318461]><>"
L 08/09/2017 - 13:00:13: [basecomm.smx] "Vex<14><[U:1:211725457]><>" muted "Mr.killer<25><[U:1:330318461]><>"
L 08/09/2017 - 13:13:53: [playercommands.smx] "Vex<14><[U:1:211725457]><>" slapped "Maester Abo<23><[U:1:106849032]><>" (damage "0")
L 08/09/2017 - 13:18:47: [playercommands.smx] "Vex<14><[U:1:211725457]><>" slapped "Maester Abo<23><[U:1:106849032]><>" (damage "0")
L 08/09/2017 - 13:23:04: [playercommands.smx] "Vex<14><[U:1:211725457]><>" slapped "Maester Abo<23><[U:1:106849032]><>" (damage "0")
L 08/09/2017 - 13:50:51: [mapchooser.smx] Voting for next map has started.
L 08/09/2017 - 13:51:12: [mapchooser.smx] Voting for next map has finished. Nextmap: tfdb_octagon_a6_fix_w.
L 08/09/2017 - 13:53:59: [SM] Changed map to "tfdb_octagon_a6_fix_w"
L 08/09/2017 - 13:54:01: -------- Mapchange to tfdb_octagon_a6_fix_w --------
L 08/09/2017 - 13:54:06: [unusual_reborn.smx] Unusual effects permissions loaded !
L 08/09/2017 - 13:54:11: [randomcycle.smx] RandomCycle has chosen tfdb_octagon_a6_fix_w for the nextmap.
L 08/09/2017 - 14:54:48: [SM] Changed map to "tfdb_octagon_a6_fix_w"
L 08/09/2017 - 14:54:50: -------- Mapchange to tfdb_octagon_a6_fix_w --------
L 08/09/2017 - 14:54:55: [unusual_reborn.smx] Unusual effects permissions loaded !
L 08/09/2017 - 14:55:00: [randomcycle.smx] RandomCycle has chosen tfdb_octagon_a6_fix_w for the nextmap.
L 08/09/2017 - 15:39:56: [playercommands.smx] "meh<69><[U:1:97717735]><>" slapped "qwaranou<66><[U:1:3381544]><>" (damage "0")
L 08/09/2017 - 15:43:04: [playercommands.smx] "meh<69><[U:1:97717735]><>" slapped "qwaranou<66><[U:1:3381544]><>" (damage "0")
L 08/09/2017 - 15:43:05: [playercommands.smx] "meh<69><[U:1:97717735]><>" slapped "qwaranou<66><[U:1:3381544]><>" (damage "0")
L 08/09/2017 - 15:43:05: [playercommands.smx] "meh<69><[U:1:97717735]><>" slapped "qwaranou<66><[U:1:3381544]><>" (damage "0")
L 08/09/2017 - 15:43:05: [playercommands.smx] "meh<69><[U:1:97717735]><>" slapped "qwaranou<66><[U:1:3381544]><>" (damage "0")
L 08/09/2017 - 15:43:05: [playercommands.smx] "meh<69><[U:1:97717735]><>" slapped "qwaranou<66><[U:1:3381544]><>" (damage "0")
L 08/09/2017 - 15:47:07: [playercommands.smx] "meh<69><[U:1:97717735]><>" slapped "meh<69><[U:1:97717735]><>" (damage "0")
L 08/09/2017 - 15:58:12: [SM] Changed map to "tfdb_octagon_a6_fix_w"
L 08/09/2017 - 15:58:13: -------- Mapchange to tfdb_octagon_a6_fix_w --------
L 08/09/2017 - 15:58:18: [unusual_reborn.smx] Unusual effects permissions loaded !
L 08/09/2017 - 15:58:23: [randomcycle.smx] RandomCycle has chosen tfdb_octagon_a6_fix_w for the nextmap.
L 08/09/2017 - 16:00:39: [playercommands.smx] "meh<69><[U:1:97717735]><>" slayed "meh<69><[U:1:97717735]><>"
L 08/09/2017 - 16:00:39: [playercommands.smx] "meh<69><[U:1:97717735]><>" slayed "Smokah<67><[U:1:162079346]><>"
L 08/09/2017 - 17:01:59: [SM] Changed map to "tfdb_octagon_a6_fix_w"
L 08/09/2017 - 17:02:01: -------- Mapchange to tfdb_octagon_a6_fix_w --------
L 08/09/2017 - 17:02:05: [unusual_reborn.smx] Unusual effects permissions loaded !
L 08/09/2017 - 17:02:11: [randomcycle.smx] RandomCycle has chosen tfdb_octagon_a6_fix_w for the nextmap.
L 08/09/2017 - 17:13:32: [basecomm.smx] "Vex<81><[U:1:211725457]><>" muted "Sgt. Clubby<88><[U:1:102613249]><>"
L 08/09/2017 - 17:15:03: [basecomm.smx] "Vex<81><[U:1:211725457]><>" silenced "็<87><[U:1:75268212]><>"
L 08/09/2017 - 17:15:07: [basecomm.smx] "Vex<81><[U:1:211725457]><>" silenced "Sgt. Clubby<88><[U:1:102613249]><>"
L 08/09/2017 - 17:20:57: [playercommands.smx] "Vex<81><[U:1:211725457]><>" slayed "Raregendary<85><[U:1:109259443]><>"
L 08/09/2017 - 17:20:57: [playercommands.smx] "Vex<81><[U:1:211725457]><>" slayed "WTFrost<89><[U:1:68712609]><>"
L 08/09/2017 - 17:20:57: [playercommands.smx] "Vex<81><[U:1:211725457]><>" slayed "Gelson Martins<90><[U:1:124690338]><>"
L 08/09/2017 - 17:23:11: [playercommands.smx] "Vex<81><[U:1:211725457]><>" slayed "Raregendary<85><[U:1:109259443]><>"
L 08/09/2017 - 17:23:11: [playercommands.smx] "Vex<81><[U:1:211725457]><>" slayed "Yikaboo<94><[U:1:188697649]><>"
L 08/09/2017 - 17:23:11: [playercommands.smx] "Vex<81><[U:1:211725457]><>" slayed "WTFrost<89><[U:1:68712609]><>"
L 08/09/2017 - 17:23:11: [playercommands.smx] "Vex<81><[U:1:211725457]><>" slayed "Gelson Martins<90><[U:1:124690338]><>"
L 08/09/2017 - 18:03:19: [SM] Changed map to "tfdb_octagon_a6_fix_w"
L 08/09/2017 - 18:03:20: -------- Mapchange to tfdb_octagon_a6_fix_w --------
L 08/09/2017 - 18:03:25: [unusual_reborn.smx] Unusual effects permissions loaded !
L 08/09/2017 - 18:03:31: [randomcycle.smx] RandomCycle has chosen tfdb_octagon_a6_fix_w for the nextmap.
L 08/09/2017 - 18:34:01: [playercommands.smx] "Vex<115><[U:1:211725457]><>" slapped "n♥rcotiC<118><[U:1:49660730]><>" (damage "0")
L 08/09/2017 - 18:35:03: [playercommands.smx] "Vex<115><[U:1:211725457]><>" slayed "乇ﾑ Legend<98><[U:1:94355827]><>"
L 08/09/2017 - 18:35:03: [playercommands.smx] "Vex<115><[U:1:211725457]><>" slayed "TonTon<124><[U:1:361787119]><>"
L 08/09/2017 - 18:35:03: [playercommands.smx] "Vex<115><[U:1:211725457]><>" slayed "Reflex<120><[U:1:358753503]><>"
L 08/09/2017 - 18:35:03: [playercommands.smx] "Vex<115><[U:1:211725457]><>" slayed "cccccc<109><[U:1:426475727]><>"
L 08/09/2017 - 18:35:03: [playercommands.smx] "Vex<115><[U:1:211725457]><>" slayed "syx <126><[U:1:341254721]><>"
L 08/09/2017 - 18:35:03: [playercommands.smx] "Vex<115><[U:1:211725457]><>" slayed "乇ﾑ「ɀonฮs390™」<127><[U:1:180206816]><>"
L 08/09/2017 - 18:35:03: [playercommands.smx] "Vex<115><[U:1:211725457]><>" slayed "ᅚᅚ<128><[U:1:245615728]><>"
L 08/09/2017 - 18:35:03: [playercommands.smx] "Vex<115><[U:1:211725457]><>" slayed "n♥rcotiC<118><[U:1:49660730]><>"
L 08/09/2017 - 18:35:03: [playercommands.smx] "Vex<115><[U:1:211725457]><>" slayed "[OZ] God Left Us<129><[U:1:104200863]><>"
L 08/09/2017 - 18:35:03: [playercommands.smx] "Vex<115><[U:1:211725457]><>" slayed "[T̶̎H̷G̵̀]NoBox<130><[U:1:139794891]><>"
L 08/09/2017 - 18:35:03: [playercommands.smx] "Vex<115><[U:1:211725457]><>" slayed "Vex<115><[U:1:211725457]><>"
L 08/09/2017 - 18:38:37: [playercommands.smx] "Vex<115><[U:1:211725457]><>" slapped "syx <126><[U:1:341254721]><>" (damage "0")
L 08/09/2017 - 18:38:54: [playercommands.smx] "Vex<115><[U:1:211725457]><>" slapped "cccccc<109><[U:1:426475727]><>" (damage "0")
L 08/09/2017 - 19:00:36: [playercommands.smx] "Console<0><Console><Console>" renamed "OverLy<136><[U:1:180039813]><>" to "OverLy (Noob farmer)")
L 08/09/2017 - 19:02:54: [playercommands.smx] "Console<0><Console><Console>" renamed "[OZ] God Left Us<129><[U:1:104200863]><>" to "[OZ] God is watching")
L 08/09/2017 - 19:04:16: [SM] Changed map to "tfdb_octagon_a6_fix_w"
L 08/09/2017 - 19:04:17: -------- Mapchange to tfdb_octagon_a6_fix_w --------
L 08/09/2017 - 19:04:22: [unusual_reborn.smx] Unusual effects permissions loaded !
L 08/09/2017 - 19:04:28: [randomcycle.smx] RandomCycle has chosen tfdb_octagon_a6_fix_w for the nextmap.
L 08/09/2017 - 20:04:57: [SM] Changed map to "tfdb_octagon_a6_fix_w"
L 08/09/2017 - 20:04:59: -------- Mapchange to tfdb_octagon_a6_fix_w --------
L 08/09/2017 - 20:05:03: [unusual_reborn.smx] Unusual effects permissions loaded !
L 08/09/2017 - 20:05:09: [randomcycle.smx] RandomCycle has chosen tfdb_octagon_a6_fix_w for the nextmap.
L 08/09/2017 - 21:05:30: [SM] Changed map to "tfdb_octagon_a6_fix_w"
L 08/09/2017 - 21:05:32: -------- Mapchange to tfdb_octagon_a6_fix_w --------
L 08/09/2017 - 21:05:37: [unusual_reborn.smx] Unusual effects permissions loaded !
L 08/09/2017 - 21:05:42: [randomcycle.smx] RandomCycle has chosen tfdb_octagon_a6_fix_w for the nextmap.
L 08/09/2017 - 21:49:32: [basebans.smx] "Vex<185><[U:1:211725457]><>" banned "unnamed<175><[U:1:442836007]><>" (minutes "0") (reason "'Aimbot'")
L 08/09/2017 - 22:05:49: [SM] Changed map to "tfdb_octagon_a6_fix_w"
L 08/09/2017 - 22:05:51: -------- Mapchange to tfdb_octagon_a6_fix_w --------
L 08/09/2017 - 22:05:56: [unusual_reborn.smx] Unusual effects permissions loaded !
L 08/09/2017 - 22:06:02: [randomcycle.smx] RandomCycle has chosen tfdb_octagon_a6_fix_w for the nextmap.
L 08/09/2017 - 22:37:42: [playercommands.smx] "yunger<196><[U:1:211725457]><>" renamed "ugny<200><[U:1:103580721]><>" to "ugly")
L 08/09/2017 - 22:54:38: [funcommands.smx] "Vex<205><[U:1:211725457]><>" ignited "Smokah<203><[U:1:162079346]><>" (seconds "20.000000")
L 08/09/2017 - 22:58:49: [funcommands.smx] "Vex<205><[U:1:211725457]><>" ignited "Smokah<203><[U:1:162079346]><>" (seconds "20.000000")
L 08/09/2017 - 23:06:19: [SM] Changed map to "tfdb_octagon_a6_fix_w"
L 08/09/2017 - 23:06:21: -------- Mapchange to tfdb_octagon_a6_fix_w --------
L 08/09/2017 - 23:06:26: [unusual_reborn.smx] Unusual effects permissions loaded !
L 08/09/2017 - 23:06:31: [randomcycle.smx] RandomCycle has chosen tfdb_octagon_a6_fix_w for the nextmap.
L 08/09/2017 - 23:16:57: [playercommands.smx] "meh<209><[U:1:97717735]><>" slapped "Vex<205><[U:1:211725457]><>" (damage "0")
L 08/09/2017 - 23:17:58: [basecomm.smx] "Vex<205><[U:1:211725457]><>" silenced "Harry_The_Wizard<207><[U:1:241831528]><>"
L 08/09/2017 - 23:20:13: [basecomm.smx] "Vex<205><[U:1:211725457]><>" unsilenced "Harry_The_Wizard<207><[U:1:241831528]><>"
L 08/09/2017 - 23:20:34: [basecomm.smx] "meh<209><[U:1:97717735]><>" silenced "Harry_The_Wizard<207><[U:1:241831528]><>"
L 08/09/2017 - 23:20:49: [basecomm.smx] "Vex<205><[U:1:211725457]><>" silenced "meh<209><[U:1:97717735]><>"
L 08/09/2017 - 23:21:01: [basecomm.smx] "Vex<205><[U:1:211725457]><>" unsilenced "meh<209><[U:1:97717735]><>"
L 08/09/2017 - 23:21:21: [basecomm.smx] "meh<209><[U:1:97717735]><>" unsilenced "Harry_The_Wizard<207><[U:1:241831528]><>"
L 08/09/2017 - 23:23:32: [basechat.smx] "Vex<205><[U:1:211725457]><>" triggered sm_csay (text 3 rounds)
L 08/09/2017 - 23:33:46: [playercommands.smx] "meh<209><[U:1:97717735]><>" slayed "Harry_The_Wizard<207><[U:1:241831528]><>"
L 08/09/2017 - 23:36:32: [basecommands.smx] "meh<209><[U:1:97717735]><>" kicked "Yikaboo<215><[U:1:188697649]><>" (reason "")
L 08/09/2017 - 23:40:46: [playercommands.smx] "Vex<205><[U:1:211725457]><>" slapped "Smokah<203><[U:1:162079346]><>" (damage "0")
L 08/09/2017 - 23:41:16: [basecommands.smx] "Ajax<217><[U:1:430709293]><>" kicked "Harry_The_Wizard<207><[U:1:241831528]><>" (reason "")
L 08/09/2017 - 23:49:55: [basecommands.smx] "Ajax<217><[U:1:430709293]><>" changed map to "tfdb_rocketbucks_v2"
L 08/09/2017 - 23:49:58: [SM] Changed map to "tfdb_rocketbucks_v2"
L 08/09/2017 - 23:49:59: -------- Mapchange to tfdb_rocketbucks_v2 --------
L 08/09/2017 - 23:50:04: [unusual_reborn.smx] Unusual effects permissions loaded !
L 08/09/2017 - 23:50:10: [randomcycle.smx] RandomCycle has chosen tfdb_octagon_a6_fix_w for the nextmap.
L 08/09/2017 - 23:52:16: [playercommands.smx] "Vex<205><[U:1:211725457]><>" slapped "underage racoon<216><[U:1:158312302]><>" (damage "0")
L 08/09/2017 - 23:58:20: [mapchooser.smx] Voting for next map has started.
L 08/09/2017 - 23:58:34: [mapchooser.smx] Voting for next map has finished. Nextmap: tfdb_octagon_a6_fix_w.
L 08/09/2017 - 23:59:26: [basevotes.smx] "Vex<205><[U:1:211725457]><>" initiated a generic vote.
