L 08/06/2017 - 00:33:05: SourceMod log file session started (file "L20170806.log") (Version "1.9.0.6098")
L 08/06/2017 - 00:33:05: [SM] Changed map to "tfdb_octagon_a6_fix_w"
L 08/06/2017 - 00:33:06: -------- Mapchange to tfdb_octagon_a6_fix_w --------
L 08/06/2017 - 00:33:11: [unusual_reborn.smx] Unusual effects permissions loaded !
L 08/06/2017 - 00:33:16: [randomcycle.smx] RandomCycle has chosen tfdb_octagon_a6_fix_w for the nextmap.
L 08/06/2017 - 01:33:48: [SM] Changed map to "tfdb_octagon_a6_fix_w"
L 08/06/2017 - 01:33:48: -------- Mapchange to tfdb_octagon_a6_fix_w --------
L 08/06/2017 - 01:33:53: [unusual_reborn.smx] Unusual effects permissions loaded !
L 08/06/2017 - 01:33:58: [randomcycle.smx] RandomCycle has chosen tfdb_octagon_a6_fix_w for the nextmap.
L 08/06/2017 - 02:35:22: [SM] Changed map to "tfdb_octagon_a6_fix_w"
L 08/06/2017 - 02:35:23: -------- Mapchange to tfdb_octagon_a6_fix_w --------
L 08/06/2017 - 02:35:28: [unusual_reborn.smx] Unusual effects permissions loaded !
L 08/06/2017 - 02:35:33: [randomcycle.smx] RandomCycle has chosen tfdb_octagon_a6_fix_w for the nextmap.
L 08/06/2017 - 03:35:33: [SM] Changed map to "tfdb_octagon_a6_fix_w"
L 08/06/2017 - 03:35:34: -------- Mapchange to tfdb_octagon_a6_fix_w --------
L 08/06/2017 - 03:35:38: [unusual_reborn.smx] Unusual effects permissions loaded !
L 08/06/2017 - 03:35:44: [randomcycle.smx] RandomCycle has chosen tfdb_octagon_a6_fix_w for the nextmap.
L 08/06/2017 - 04:35:49: [SM] Changed map to "tfdb_octagon_a6_fix_w"
L 08/06/2017 - 04:35:50: -------- Mapchange to tfdb_octagon_a6_fix_w --------
L 08/06/2017 - 04:35:55: [unusual_reborn.smx] Unusual effects permissions loaded !
L 08/06/2017 - 04:36:00: [randomcycle.smx] RandomCycle has chosen tfdb_octagon_a6_fix_w for the nextmap.
L 08/06/2017 - 05:38:11: [SM] Changed map to "tfdb_octagon_a6_fix_w"
L 08/06/2017 - 05:38:12: -------- Mapchange to tfdb_octagon_a6_fix_w --------
L 08/06/2017 - 05:38:17: [unusual_reborn.smx] Unusual effects permissions loaded !
L 08/06/2017 - 05:38:22: [randomcycle.smx] RandomCycle has chosen tfdb_octagon_a6_fix_w for the nextmap.
L 08/06/2017 - 08:58:03: [SM] Changed map to "tfdb_octagon_a6_fix_w"
L 08/06/2017 - 08:58:04: -------- Mapchange to tfdb_octagon_a6_fix_w --------
L 08/06/2017 - 08:58:08: [unusual_reborn.smx] Unusual effects permissions loaded !
L 08/06/2017 - 08:58:14: [randomcycle.smx] RandomCycle has chosen tfdb_octagon_a6_fix_w for the nextmap.
L 08/06/2017 - 10:04:03: [SM] Changed map to "tfdb_octagon_a6_fix_w"
L 08/06/2017 - 10:04:04: -------- Mapchange to tfdb_octagon_a6_fix_w --------
L 08/06/2017 - 10:04:09: [unusual_reborn.smx] Unusual effects permissions loaded !
L 08/06/2017 - 10:04:15: [randomcycle.smx] RandomCycle has chosen tfdb_octagon_a6_fix_w for the nextmap.
L 08/06/2017 - 11:23:51: [SM] Changed map to "tfdb_octagon_a6_fix_w"
L 08/06/2017 - 11:23:52: -------- Mapchange to tfdb_octagon_a6_fix_w --------
L 08/06/2017 - 11:23:57: [unusual_reborn.smx] Unusual effects permissions loaded !
L 08/06/2017 - 11:24:02: [randomcycle.smx] RandomCycle has chosen tfdb_octagon_a6_fix_w for the nextmap.
L 08/06/2017 - 12:26:40: [SM] Changed map to "tfdb_octagon_a6_fix_w"
L 08/06/2017 - 12:26:42: -------- Mapchange to tfdb_octagon_a6_fix_w --------
L 08/06/2017 - 12:26:46: [unusual_reborn.smx] Unusual effects permissions loaded !
L 08/06/2017 - 12:26:52: [randomcycle.smx] RandomCycle has chosen tfdb_octagon_a6_fix_w for the nextmap.
L 08/06/2017 - 13:27:09: [SM] Changed map to "tfdb_octagon_a6_fix_w"
L 08/06/2017 - 13:27:10: -------- Mapchange to tfdb_octagon_a6_fix_w --------
L 08/06/2017 - 13:27:15: [unusual_reborn.smx] Unusual effects permissions loaded !
L 08/06/2017 - 13:27:20: [randomcycle.smx] RandomCycle has chosen tfdb_octagon_a6_fix_w for the nextmap.
L 08/06/2017 - 13:52:23: [playercommands.smx] "meh<98><[U:1:97717735]><>" slayed "qwaranou<97><[U:1:3381544]><>"
L 08/06/2017 - 13:53:13: [playercommands.smx] "meh<98><[U:1:97717735]><>" slapped "qwaranou<97><[U:1:3381544]><>" (damage "0")
L 08/06/2017 - 13:53:36: [playercommands.smx] "meh<98><[U:1:97717735]><>" slayed "qwaranou<97><[U:1:3381544]><>"
L 08/06/2017 - 13:55:02: [playercommands.smx] "meh<98><[U:1:97717735]><>" slapped "qwaranou<97><[U:1:3381544]><>" (damage "0")
L 08/06/2017 - 13:55:04: [playercommands.smx] "meh<98><[U:1:97717735]><>" slapped "qwaranou<97><[U:1:3381544]><>" (damage "0")
L 08/06/2017 - 13:55:04: [playercommands.smx] "meh<98><[U:1:97717735]><>" slapped "qwaranou<97><[U:1:3381544]><>" (damage "0")
L 08/06/2017 - 13:55:04: [playercommands.smx] "meh<98><[U:1:97717735]><>" slapped "qwaranou<97><[U:1:3381544]><>" (damage "0")
L 08/06/2017 - 13:55:05: [playercommands.smx] "meh<98><[U:1:97717735]><>" slapped "qwaranou<97><[U:1:3381544]><>" (damage "0")
L 08/06/2017 - 13:55:05: [playercommands.smx] "meh<98><[U:1:97717735]><>" slapped "qwaranou<97><[U:1:3381544]><>" (damage "0")
L 08/06/2017 - 13:55:05: [playercommands.smx] "meh<98><[U:1:97717735]><>" slapped "qwaranou<97><[U:1:3381544]><>" (damage "0")
L 08/06/2017 - 13:55:05: [playercommands.smx] "meh<98><[U:1:97717735]><>" slapped "qwaranou<97><[U:1:3381544]><>" (damage "0")
L 08/06/2017 - 13:55:05: [playercommands.smx] "meh<98><[U:1:97717735]><>" slapped "qwaranou<97><[U:1:3381544]><>" (damage "0")
L 08/06/2017 - 13:55:05: [playercommands.smx] "meh<98><[U:1:97717735]><>" slapped "qwaranou<97><[U:1:3381544]><>" (damage "0")
L 08/06/2017 - 13:55:06: [playercommands.smx] "meh<98><[U:1:97717735]><>" slapped "qwaranou<97><[U:1:3381544]><>" (damage "0")
L 08/06/2017 - 13:55:06: [playercommands.smx] "meh<98><[U:1:97717735]><>" slapped "qwaranou<97><[U:1:3381544]><>" (damage "0")
L 08/06/2017 - 13:55:06: [playercommands.smx] "meh<98><[U:1:97717735]><>" slapped "qwaranou<97><[U:1:3381544]><>" (damage "0")
L 08/06/2017 - 13:55:06: [playercommands.smx] "meh<98><[U:1:97717735]><>" slapped "qwaranou<97><[U:1:3381544]><>" (damage "0")
L 08/06/2017 - 13:55:06: [playercommands.smx] "meh<98><[U:1:97717735]><>" slapped "qwaranou<97><[U:1:3381544]><>" (damage "0")
L 08/06/2017 - 14:03:00: [playercommands.smx] "meh<98><[U:1:97717735]><>" slapped "qwaranou<97><[U:1:3381544]><>" (damage "0")
L 08/06/2017 - 14:27:59: [SM] Changed map to "tfdb_octagon_a6_fix_w"
L 08/06/2017 - 14:28:00: -------- Mapchange to tfdb_octagon_a6_fix_w --------
L 08/06/2017 - 14:28:05: [unusual_reborn.smx] Unusual effects permissions loaded !
L 08/06/2017 - 14:28:11: [randomcycle.smx] RandomCycle has chosen tfdb_octagon_a6_fix_w for the nextmap.
L 08/06/2017 - 15:28:25: [SM] Changed map to "tfdb_octagon_a6_fix_w"
L 08/06/2017 - 15:28:26: -------- Mapchange to tfdb_octagon_a6_fix_w --------
L 08/06/2017 - 15:28:31: [unusual_reborn.smx] Unusual effects permissions loaded !
L 08/06/2017 - 15:28:37: [randomcycle.smx] RandomCycle has chosen tfdb_octagon_a6_fix_w for the nextmap.
L 08/06/2017 - 15:35:05: [basechat.smx] "Hinn.<117><[U:1:79974463]><>" triggered sm_psay to "[EDP1] Maester Abo [Ð฿Ƨ]<113><[U:1:106849032]><>" (text so)
L 08/06/2017 - 15:35:24: [basechat.smx] "Hinn.<117><[U:1:79974463]><>" triggered sm_psay to "[EDP1] Maester Abo [Ð฿Ƨ]<113><[U:1:106849032]><>" (text where)
L 08/06/2017 - 15:35:48: [basechat.smx] "Hinn.<117><[U:1:79974463]><>" triggered sm_psay to "[EDP1] Maester Abo [Ð฿Ƨ]<113><[U:1:106849032]><>" (text 'where)
L 08/06/2017 - 15:36:44: [basechat.smx] "Hinn.<117><[U:1:79974463]><>" triggered sm_psay to "[EDP1] Maester Abo [Ð฿Ƨ]<113><[U:1:106849032]><>" (text where r hax?)
L 08/06/2017 - 15:38:30: [basebans.smx] "Toumei<116><[U:1:83449668]><>" banned "[EDP1] Maester Abo [Ð฿Ƨ]<113><[U:1:106849032]><>" (minutes "1440") (reason "joke")
L 08/06/2017 - 15:39:15: [basechat.smx] "Hinn.<117><[U:1:79974463]><>" triggered sm_hsay (text "ADMINS HATE JOKES")
L 08/06/2017 - 15:39:21: [basechat.smx] "Hinn.<117><[U:1:79974463]><>" triggered sm_hsay (text "ADMINS HATE JOKES")
L 08/06/2017 - 16:35:19: [SM] Changed map to "tfdb_octagon_a6_fix_w"
L 08/06/2017 - 16:35:20: -------- Mapchange to tfdb_octagon_a6_fix_w --------
L 08/06/2017 - 16:35:25: [unusual_reborn.smx] Unusual effects permissions loaded !
L 08/06/2017 - 16:35:31: [randomcycle.smx] RandomCycle has chosen tfdb_octagon_a6_fix_w for the nextmap.
L 08/06/2017 - 17:36:06: [SM] Changed map to "tfdb_octagon_a6_fix_w"
L 08/06/2017 - 17:36:08: -------- Mapchange to tfdb_octagon_a6_fix_w --------
L 08/06/2017 - 17:36:13: [unusual_reborn.smx] Unusual effects permissions loaded !
L 08/06/2017 - 17:36:19: [randomcycle.smx] RandomCycle has chosen tfdb_octagon_a6_fix_w for the nextmap.
L 08/06/2017 - 18:36:29: [SM] Changed map to "tfdb_octagon_a6_fix_w"
L 08/06/2017 - 18:36:31: -------- Mapchange to tfdb_octagon_a6_fix_w --------
L 08/06/2017 - 18:36:36: [unusual_reborn.smx] Unusual effects permissions loaded !
L 08/06/2017 - 18:36:42: [randomcycle.smx] RandomCycle has chosen tfdb_octagon_a6_fix_w for the nextmap.
L 08/06/2017 - 19:37:37: [SM] Changed map to "tfdb_octagon_a6_fix_w"
L 08/06/2017 - 19:37:39: -------- Mapchange to tfdb_octagon_a6_fix_w --------
L 08/06/2017 - 19:37:44: [unusual_reborn.smx] Unusual effects permissions loaded !
L 08/06/2017 - 19:37:50: [randomcycle.smx] RandomCycle has chosen tfdb_octagon_a6_fix_w for the nextmap.
L 08/06/2017 - 19:52:00: [playercommands.smx] "Vex<204><[U:1:211725457]><>" slapped "Pinki<191><[U:1:102973553]><>" (damage "0")
L 08/06/2017 - 19:54:25: [playercommands.smx] "Vex<204><[U:1:211725457]><>" slayed "Pinki<191><[U:1:102973553]><>"
L 08/06/2017 - 20:12:09: [basecomm.smx] "Vex<204><[U:1:211725457]><>" muted "OfficerShiba<205><[U:1:31576656]><>"
L 08/06/2017 - 20:39:26: [SM] Changed map to "tfdb_octagon_a6_fix_w"
L 08/06/2017 - 20:39:27: -------- Mapchange to tfdb_octagon_a6_fix_w --------
L 08/06/2017 - 20:39:32: [unusual_reborn.smx] Unusual effects permissions loaded !
L 08/06/2017 - 20:39:38: [randomcycle.smx] RandomCycle has chosen tfdb_octagon_a6_fix_w for the nextmap.
L 08/06/2017 - 20:49:55: [basecomm.smx] "Vex<204><[U:1:211725457]><>" muted "OfficerShiba<218><[U:1:31576656]><>"
L 08/06/2017 - 20:50:04: [basecomm.smx] "Vex<204><[U:1:211725457]><>" silenced "Kritcher<215><[U:1:155473263]><>"
L 08/06/2017 - 20:52:42: [basebans.smx] "Vex<204><[U:1:211725457]><>" banned "OfficerShiba<218><[U:1:31576656]><>" (minutes "1440") (reason "Avoiding a mute and general toxicity.")
L 08/06/2017 - 20:52:53: [basebans.smx] "Vex<204><[U:1:211725457]><>" banned "Kritcher<215><[U:1:155473263]><>" (minutes "1440") (reason "Disrespecting an admin")
L 08/06/2017 - 21:39:57: [SM] Changed map to "tfdb_octagon_a6_fix_w"
L 08/06/2017 - 21:39:59: -------- Mapchange to tfdb_octagon_a6_fix_w --------
L 08/06/2017 - 21:40:04: [unusual_reborn.smx] Unusual effects permissions loaded !
L 08/06/2017 - 21:40:10: [randomcycle.smx] RandomCycle has chosen tfdb_octagon_a6_fix_w for the nextmap.
L 08/06/2017 - 22:40:32: [SM] Changed map to "tfdb_octagon_a6_fix_w"
L 08/06/2017 - 22:40:34: -------- Mapchange to tfdb_octagon_a6_fix_w --------
L 08/06/2017 - 22:40:39: [unusual_reborn.smx] Unusual effects permissions loaded !
L 08/06/2017 - 22:40:45: [randomcycle.smx] RandomCycle has chosen tfdb_octagon_a6_fix_w for the nextmap.
L 08/06/2017 - 23:45:17: [SM] Changed map to "tfdb_octagon_a6_fix_w"
L 08/06/2017 - 23:45:19: -------- Mapchange to tfdb_octagon_a6_fix_w --------
L 08/06/2017 - 23:45:24: [unusual_reborn.smx] Unusual effects permissions loaded !
L 08/06/2017 - 23:45:30: [randomcycle.smx] RandomCycle has chosen tfdb_octagon_a6_fix_w for the nextmap.
