L 08/12/2017 - 00:50:55: SourceMod log file session started (file "L20170812.log") (Version "1.9.0.6098")
L 08/12/2017 - 00:50:55: [mapchooser.smx] Voting for next map has started.
L 08/12/2017 - 00:51:16: [mapchooser.smx] Voting for next map has finished. Nextmap: tfdb_octagon_a6_fix_w.
L 08/12/2017 - 00:54:44: [SM] Changed map to "tfdb_octagon_a6_fix_w"
L 08/12/2017 - 00:54:45: -------- Mapchange to tfdb_octagon_a6_fix_w --------
L 08/12/2017 - 00:54:50: [unusual_reborn.smx] Unusual effects permissions loaded !
L 08/12/2017 - 00:54:55: [randomcycle.smx] RandomCycle has chosen tfdb_rocketbucks_v2 for the nextmap.
L 08/12/2017 - 01:51:56: [mapchooser.smx] Voting for next map has started.
L 08/12/2017 - 01:52:02: [mapchooser.smx] Voting for next map has finished. Nextmap: tfdb_rocketbucks_v2.
L 08/12/2017 - 01:55:02: [SM] Changed map to "tfdb_rocketbucks_v2"
L 08/12/2017 - 01:55:03: -------- Mapchange to tfdb_rocketbucks_v2 --------
L 08/12/2017 - 01:55:08: [unusual_reborn.smx] Unusual effects permissions loaded !
L 08/12/2017 - 01:55:14: [randomcycle.smx] RandomCycle has chosen tfdb_rocketbucks_v2 for the nextmap.
L 08/12/2017 - 02:52:12: [mapchooser.smx] Voting for next map has started.
L 08/12/2017 - 02:52:25: [mapchooser.smx] Voting for next map has finished. Nextmap: tfdb_octagon_a6_fix_w.
L 08/12/2017 - 03:03:25: [SM] Changed map to "tfdb_octagon_a6_fix_w"
L 08/12/2017 - 03:03:26: -------- Mapchange to tfdb_octagon_a6_fix_w --------
L 08/12/2017 - 03:03:31: [unusual_reborn.smx] Unusual effects permissions loaded !
L 08/12/2017 - 03:03:36: [randomcycle.smx] RandomCycle has chosen tfdb_octagon_a6_fix_w for the nextmap.
L 08/12/2017 - 04:00:29: [mapchooser.smx] Voting for next map has started.
L 08/12/2017 - 04:14:22: [SM] Changed map to "tfdb_rocketbucks_v2"
L 08/12/2017 - 04:14:23: -------- Mapchange to tfdb_rocketbucks_v2 --------
L 08/12/2017 - 04:14:28: [unusual_reborn.smx] Unusual effects permissions loaded !
L 08/12/2017 - 04:14:33: [randomcycle.smx] RandomCycle has chosen tfdb_octagon_a6_fix_w for the nextmap.
L 08/12/2017 - 05:11:26: [mapchooser.smx] Voting for next map has started.
L 08/12/2017 - 06:44:50: [SM] Changed map to "tfdb_octagon_a6_fix_w"
L 08/12/2017 - 06:44:52: -------- Mapchange to tfdb_octagon_a6_fix_w --------
L 08/12/2017 - 06:44:57: [unusual_reborn.smx] Unusual effects permissions loaded !
L 08/12/2017 - 06:45:02: [randomcycle.smx] RandomCycle has chosen tfdb_rocketbucks_v2 for the nextmap.
L 08/12/2017 - 07:41:58: [mapchooser.smx] Voting for next map has started.
L 08/12/2017 - 07:45:36: [SM] Changed map to "tfdb_rocketbucks_v2"
L 08/12/2017 - 07:45:37: -------- Mapchange to tfdb_rocketbucks_v2 --------
L 08/12/2017 - 07:45:42: [unusual_reborn.smx] Unusual effects permissions loaded !
L 08/12/2017 - 07:45:48: [randomcycle.smx] RandomCycle has chosen tfdb_octagon_a6_fix_w for the nextmap.
L 08/12/2017 - 08:42:41: [mapchooser.smx] Voting for next map has started.
L 08/12/2017 - 09:44:42: [SM] Changed map to "tfdb_octagon_a6_fix_w"
L 08/12/2017 - 09:44:44: -------- Mapchange to tfdb_octagon_a6_fix_w --------
L 08/12/2017 - 09:44:49: [unusual_reborn.smx] Unusual effects permissions loaded !
L 08/12/2017 - 09:44:54: [randomcycle.smx] RandomCycle has chosen tfdb_rocketbucks_v2 for the nextmap.
L 08/12/2017 - 10:41:48: [mapchooser.smx] Voting for next map has started.
L 08/12/2017 - 10:56:58: [SM] Changed map to "tfdb_rocketbucks_v2"
L 08/12/2017 - 10:56:59: -------- Mapchange to tfdb_rocketbucks_v2 --------
L 08/12/2017 - 10:57:04: [unusual_reborn.smx] Unusual effects permissions loaded !
L 08/12/2017 - 10:57:10: [randomcycle.smx] RandomCycle has chosen tfdb_rocketbucks_v2 for the nextmap.
L 08/12/2017 - 11:54:11: [mapchooser.smx] Voting for next map has started.
L 08/12/2017 - 11:54:32: [mapchooser.smx] Voting for next map has finished. Nextmap: tfdb_octagon_a6_fix_w.
L 08/12/2017 - 11:57:21: [SM] Changed map to "tfdb_octagon_a6_fix_w"
L 08/12/2017 - 11:57:23: -------- Mapchange to tfdb_octagon_a6_fix_w --------
L 08/12/2017 - 11:57:27: [unusual_reborn.smx] Unusual effects permissions loaded !
L 08/12/2017 - 11:57:33: [randomcycle.smx] RandomCycle has chosen tfdb_octagon_a6_fix_w for the nextmap.
L 08/12/2017 - 12:54:36: [mapchooser.smx] Voting for next map has started.
L 08/12/2017 - 12:54:56: [mapchooser.smx] Voting for next map has finished. Nextmap: tfdb_rocketbucks_v2.
L 08/12/2017 - 12:57:58: [SM] Changed map to "tfdb_rocketbucks_v2"
L 08/12/2017 - 12:57:59: -------- Mapchange to tfdb_rocketbucks_v2 --------
L 08/12/2017 - 12:58:05: [unusual_reborn.smx] Unusual effects permissions loaded !
L 08/12/2017 - 12:58:11: [randomcycle.smx] RandomCycle has chosen tfdb_octagon_a6_fix_w for the nextmap.
