L 08/07/2017 - 00:39:57: SourceMod log file session started (file "L20170807.log") (Version "1.9.0.6098")
L 08/07/2017 - 00:39:57: [playercommands.smx] "Console<0><Console><Console>" slapped "♢ƮŁŚĐ♢ Golia†h<261><[U:1:96973726]><>" (damage "106")
L 08/07/2017 - 00:40:46: [basechat.smx] "Console<0><Console><Console>" triggered sm_msay (text ♢ƮŁŚĐ♢ Golia†h: someone had a good day?)
L 08/07/2017 - 00:49:51: [SM] Changed map to "tfdb_octagon_a6_fix_w"
L 08/07/2017 - 00:49:52: -------- Mapchange to tfdb_octagon_a6_fix_w --------
L 08/07/2017 - 00:49:57: [unusual_reborn.smx] Unusual effects permissions loaded !
L 08/07/2017 - 00:50:02: [randomcycle.smx] RandomCycle has chosen tfdb_octagon_a6_fix_w for the nextmap.
L 08/07/2017 - 01:01:54: [basecommands.smx] "Vex<268><[U:1:211725457]><>" kicked "Legend<265><[U:1:94355827]><>" (reason "")
L 08/07/2017 - 01:32:17: [playercommands.smx] "Vex<268><[U:1:211725457]><>" slayed "Legend<271><[U:1:94355827]><>"
L 08/07/2017 - 01:50:18: [SM] Changed map to "tfdb_octagon_a6_fix_w"
L 08/07/2017 - 01:50:19: -------- Mapchange to tfdb_octagon_a6_fix_w --------
L 08/07/2017 - 01:50:24: [unusual_reborn.smx] Unusual effects permissions loaded !
L 08/07/2017 - 01:50:29: [randomcycle.smx] RandomCycle has chosen tfdb_octagon_a6_fix_w for the nextmap.
L 08/07/2017 - 01:57:03: [funcommands.smx] "Vex<268><[U:1:211725457]><>" froze "♢ƮŁŚĐ♢ Golia†h<261><[U:1:96973726]><>"
L 08/07/2017 - 02:06:19: [playercommands.smx] "Vex<268><[U:1:211725457]><>" slapped "Legend<278><[U:1:94355827]><>" (damage "0")
L 08/07/2017 - 02:17:19: [basecommands.smx] "Vex<268><[U:1:211725457]><>" changed map to "tfdb_octagon_a6_fix_w"
L 08/07/2017 - 02:17:22: [SM] Changed map to "tfdb_octagon_a6_fix_w"
L 08/07/2017 - 02:17:23: -------- Mapchange to tfdb_octagon_a6_fix_w --------
L 08/07/2017 - 02:17:28: [unusual_reborn.smx] Unusual effects permissions loaded !
L 08/07/2017 - 02:17:33: [randomcycle.smx] RandomCycle has chosen tfdb_octagon_a6_fix_w for the nextmap.
L 08/07/2017 - 03:25:07: [SM] Changed map to "tfdb_octagon_a6_fix_w"
L 08/07/2017 - 03:25:08: -------- Mapchange to tfdb_octagon_a6_fix_w --------
L 08/07/2017 - 03:25:13: [unusual_reborn.smx] Unusual effects permissions loaded !
L 08/07/2017 - 03:25:18: [randomcycle.smx] RandomCycle has chosen tfdb_octagon_a6_fix_w for the nextmap.
L 08/07/2017 - 04:33:20: [SM] Changed map to "tfdb_octagon_a6_fix_w"
L 08/07/2017 - 04:33:21: -------- Mapchange to tfdb_octagon_a6_fix_w --------
L 08/07/2017 - 04:33:26: [unusual_reborn.smx] Unusual effects permissions loaded !
L 08/07/2017 - 04:33:31: [randomcycle.smx] RandomCycle has chosen tfdb_octagon_a6_fix_w for the nextmap.
L 08/07/2017 - 08:46:44: [SM] Changed map to "tfdb_octagon_a6_fix_w"
L 08/07/2017 - 08:46:45: -------- Mapchange to tfdb_octagon_a6_fix_w --------
L 08/07/2017 - 08:46:50: [unusual_reborn.smx] Unusual effects permissions loaded !
L 08/07/2017 - 08:46:55: [randomcycle.smx] RandomCycle has chosen tfdb_octagon_a6_fix_w for the nextmap.
L 08/07/2017 - 09:52:15: [SM] Changed map to "tfdb_octagon_a6_fix_w"
L 08/07/2017 - 09:52:16: -------- Mapchange to tfdb_octagon_a6_fix_w --------
L 08/07/2017 - 09:52:21: [unusual_reborn.smx] Unusual effects permissions loaded !
L 08/07/2017 - 09:52:26: [randomcycle.smx] RandomCycle has chosen tfdb_octagon_a6_fix_w for the nextmap.
L 08/07/2017 - 11:13:36: [SM] Changed map to "tfdb_octagon_a6_fix_w"
L 08/07/2017 - 11:13:38: -------- Mapchange to tfdb_octagon_a6_fix_w --------
L 08/07/2017 - 11:13:43: [unusual_reborn.smx] Unusual effects permissions loaded !
L 08/07/2017 - 11:13:48: [randomcycle.smx] RandomCycle has chosen tfdb_octagon_a6_fix_w for the nextmap.
L 08/07/2017 - 12:13:59: [SM] Changed map to "tfdb_octagon_a6_fix_w"
L 08/07/2017 - 12:14:01: -------- Mapchange to tfdb_octagon_a6_fix_w --------
L 08/07/2017 - 12:14:06: [unusual_reborn.smx] Unusual effects permissions loaded !
L 08/07/2017 - 12:14:11: [randomcycle.smx] RandomCycle has chosen tfdb_octagon_a6_fix_w for the nextmap.
L 08/07/2017 - 13:14:45: [SM] Changed map to "tfdb_octagon_a6_fix_w"
L 08/07/2017 - 13:14:47: -------- Mapchange to tfdb_octagon_a6_fix_w --------
L 08/07/2017 - 13:14:52: [unusual_reborn.smx] Unusual effects permissions loaded !
L 08/07/2017 - 13:14:58: [randomcycle.smx] RandomCycle has chosen tfdb_octagon_a6_fix_w for the nextmap.
L 08/07/2017 - 13:50:51: [basechat.smx] "Toumei<328><[U:1:83449668]><>" triggered sm_say (text  nope)
L 08/07/2017 - 13:53:02: [basechat.smx] "Vex<330><[U:1:211725457]><>" triggered sm_chat (text  Why is asco unbanned???)
L 08/07/2017 - 13:54:04: [basechat.smx] "Toumei<331><[U:1:83449668]><>" triggered sm_say (text  who knows vex :P)
L 08/07/2017 - 13:54:32: [basebans.smx] "Vex<330><[U:1:211725457]><>" banned "asco<329><[U:1:240973938]><>" (minutes "0") (reason "Aimbot")
L 08/07/2017 - 14:00:56: [playercommands.smx] "Vex<330><[U:1:211725457]><>" slapped "Toumei<331><[U:1:83449668]><>" (damage "0")
L 08/07/2017 - 14:01:02: [playercommands.smx] "Toumei<331><[U:1:83449668]><>" slapped "Vex<330><[U:1:211725457]><>" (damage "0")
L 08/07/2017 - 14:15:39: [SM] Changed map to "tfdb_octagon_a6_fix_w"
L 08/07/2017 - 14:15:40: -------- Mapchange to tfdb_octagon_a6_fix_w --------
L 08/07/2017 - 14:15:45: [unusual_reborn.smx] Unusual effects permissions loaded !
L 08/07/2017 - 14:15:51: [randomcycle.smx] RandomCycle has chosen tfdb_octagon_a6_fix_w for the nextmap.
L 08/07/2017 - 15:16:03: [SM] Changed map to "tfdb_octagon_a6_fix_w"
L 08/07/2017 - 15:16:05: -------- Mapchange to tfdb_octagon_a6_fix_w --------
L 08/07/2017 - 15:16:10: [unusual_reborn.smx] Unusual effects permissions loaded !
L 08/07/2017 - 15:16:16: [randomcycle.smx] RandomCycle has chosen tfdb_octagon_a6_fix_w for the nextmap.
L 08/07/2017 - 16:23:52: [SM] Changed map to "tfdb_octagon_a6_fix_w"
L 08/07/2017 - 16:23:53: -------- Mapchange to tfdb_octagon_a6_fix_w --------
L 08/07/2017 - 16:23:58: [unusual_reborn.smx] Unusual effects permissions loaded !
L 08/07/2017 - 16:24:04: [randomcycle.smx] RandomCycle has chosen tfdb_octagon_a6_fix_w for the nextmap.
L 08/07/2017 - 17:24:48: [SM] Changed map to "tfdb_octagon_a6_fix_w"
L 08/07/2017 - 17:24:50: -------- Mapchange to tfdb_octagon_a6_fix_w --------
L 08/07/2017 - 17:24:55: [unusual_reborn.smx] Unusual effects permissions loaded !
L 08/07/2017 - 17:25:01: [randomcycle.smx] RandomCycle has chosen tfdb_octagon_a6_fix_w for the nextmap.
L 08/07/2017 - 17:58:33: [playercommands.smx] "meh<404><[U:1:97717735]><>" slayed "[EDP1] Maester Abo [Ð฿Ƨ]<409><[U:1:106849032]><>"
L 08/07/2017 - 18:04:07: [playercommands.smx] "meh<404><[U:1:97717735]><>" slayed "that ass<412><[U:1:412386831]><>"
L 08/07/2017 - 18:05:26: [basecomm.smx] "meh<404><[U:1:97717735]><>" silenced "that ass<412><[U:1:412386831]><>"
L 08/07/2017 - 18:09:06: [basecomm.smx] "meh<404><[U:1:97717735]><>" silenced "that ass<412><[U:1:412386831]><>"
L 08/07/2017 - 18:09:13: [basecomm.smx] "meh<404><[U:1:97717735]><>" unsilenced "that ass<412><[U:1:412386831]><>"
L 08/07/2017 - 18:10:39: [basevotes.smx] "meh<404><[U:1:97717735]><>" initiated a kick vote against "that ass<412><[U:1:412386831]><>"
L 08/07/2017 - 18:10:45: [basevotes.smx] Vote kick successful, kicked "that ass<412><[U:1:412386831]><>" (reason "stealing")
L 08/07/2017 - 18:12:41: [basechat.smx] "meh<404><[U:1:97717735]><>" triggered sm_say (text )
L 08/07/2017 - 18:15:57: [basechat.smx] "meh<404><[U:1:97717735]><>" triggered sm_say (text  <3)
L 08/07/2017 - 18:21:39: [funcommands.smx] "meh<404><[U:1:97717735]><>" set a beacon on "[EDP1] Maester Abo [Ð฿Ƨ]<409><[U:1:106849032]><>"
L 08/07/2017 - 18:25:26: [SM] Changed map to "tfdb_octagon_a6_fix_w"
L 08/07/2017 - 18:25:28: -------- Mapchange to tfdb_octagon_a6_fix_w --------
L 08/07/2017 - 18:25:33: [unusual_reborn.smx] Unusual effects permissions loaded !
L 08/07/2017 - 18:25:38: [randomcycle.smx] RandomCycle has chosen tfdb_octagon_a6_fix_w for the nextmap.
L 08/07/2017 - 19:00:49: [basechat.smx] "Vex<429><[U:1:211725457]><>" triggered sm_csay (text Kicking all on round end.)
L 08/07/2017 - 19:00:59: [basecommands.smx] "Vex<429><[U:1:211725457]><>" kicked "☯ƮŁŚĐ☯§GoldDragon§<422><[U:1:88989318]><>" (reason "")
L 08/07/2017 - 19:00:59: [basecommands.smx] "Vex<429><[U:1:211725457]><>" kicked "[EDP1] Deus Paraise [DSI] blw.t<427><[U:1:102074795]><>" (reason "")
L 08/07/2017 - 19:00:59: [basecommands.smx] "Vex<429><[U:1:211725457]><>" kicked "TLShaD<416><[U:1:116871779]><>" (reason "")
L 08/07/2017 - 19:00:59: [basecommands.smx] "Vex<429><[U:1:211725457]><>" kicked "[EDP1] Maester Abo [Ð฿Ƨ]<425><[U:1:106849032]><>" (reason "")
L 08/07/2017 - 19:00:59: [basecommands.smx] "Vex<429><[U:1:211725457]><>" kicked "Bill Herrington<423><[U:1:193389968]><>" (reason "")
L 08/07/2017 - 19:00:59: [basecommands.smx] "Vex<429><[U:1:211725457]><>" kicked "[EDP1]karameleke<426><[U:1:138268264]><>" (reason "")
L 08/07/2017 - 19:00:59: [basecommands.smx] "Vex<429><[U:1:211725457]><>" kicked "Smokah<428><[U:1:162079346]><>" (reason "")
L 08/07/2017 - 19:00:59: [basecommands.smx] "Vex<429><[U:1:211725457]><>" kicked "Vex<429><[U:1:211725457]><>" (reason "")
L 08/07/2017 - 19:03:44: [basecommands.smx] "Vex<431><[U:1:211725457]><>" kicked "☯ƮŁŚĐ☯§GoldDragon§<430><[U:1:88989318]><>" (reason "")
L 08/07/2017 - 19:03:44: [basecommands.smx] "Vex<431><[U:1:211725457]><>" kicked "TLShaD<432><[U:1:116871779]><>" (reason "")
L 08/07/2017 - 19:03:44: [basecommands.smx] "Vex<431><[U:1:211725457]><>" kicked "Vex<431><[U:1:211725457]><>" (reason "")
L 08/07/2017 - 19:13:51: [basechat.smx] "Vex<435><[U:1:211725457]><>" triggered sm_csay (text 2 practice rounds once Legendaire joins)
L 08/07/2017 - 19:14:36: [basevotes.smx] "Vex<435><[U:1:211725457]><>" initiated a generic vote.
L 08/07/2017 - 19:16:39: [basechat.smx] "Vex<435><[U:1:211725457]><>" triggered sm_say (text  Final practice round.)
L 08/07/2017 - 19:18:51: [basechat.smx] "Vex<435><[U:1:211725457]><>" triggered sm_csay (text START)
L 08/07/2017 - 19:19:56: [basechat.smx] "Vex<435><[U:1:211725457]><>" triggered sm_say (text  Reminder: Rules are no stealing, blocking or passing the half-way line.)
L 08/07/2017 - 19:21:03: [basechat.smx] "Vex<435><[U:1:211725457]><>" triggered sm_say (text  Reminder: Rules are no stealing, blocking or passing the half-way line.)
L 08/07/2017 - 19:22:40: [basechat.smx] "Vex<435><[U:1:211725457]><>" triggered sm_say (text  Reminder: Rules are no stealing, blocking or passing the half-way line.)
L 08/07/2017 - 19:24:07: [playercommands.smx] "Vex<435><[U:1:211725457]><>" slayed "Vex<435><[U:1:211725457]><>"
L 08/07/2017 - 19:27:10: [basechat.smx] "Vex<435><[U:1:211725457]><>" triggered sm_say (text Reminder: Rules are no stealing, blocking or passing the half-way line.)
L 08/07/2017 - 19:44:01: [SM] Changed map to "tfdb_octagon_a6_fix_w"
L 08/07/2017 - 19:44:03: -------- Mapchange to tfdb_octagon_a6_fix_w --------
L 08/07/2017 - 19:44:08: [unusual_reborn.smx] Unusual effects permissions loaded !
L 08/07/2017 - 19:44:14: [randomcycle.smx] RandomCycle has chosen tfdb_octagon_a6_fix_w for the nextmap.
L 08/07/2017 - 20:08:35: [playercommands.smx] "Vex<435><[U:1:211725457]><>" slayed "♢ƮŁŚĐ♢ Reflex<460><[U:1:358753503]><>"
L 08/07/2017 - 20:19:08: [playercommands.smx] "Vex<435><[U:1:211725457]><>" slapped "Smokah<434><[U:1:162079346]><>" (damage "0")
L 08/07/2017 - 20:44:19: [SM] Changed map to "tfdb_octagon_a6_fix_w"
L 08/07/2017 - 20:44:22: -------- Mapchange to tfdb_octagon_a6_fix_w --------
L 08/07/2017 - 20:44:27: [unusual_reborn.smx] Unusual effects permissions loaded !
L 08/07/2017 - 20:44:33: [randomcycle.smx] RandomCycle has chosen tfdb_octagon_a6_fix_w for the nextmap.
L 08/07/2017 - 21:44:54: [SM] Changed map to "tfdb_octagon_a6_fix_w"
L 08/07/2017 - 21:44:56: -------- Mapchange to tfdb_octagon_a6_fix_w --------
L 08/07/2017 - 21:45:01: [unusual_reborn.smx] Unusual effects permissions loaded !
L 08/07/2017 - 21:45:07: [randomcycle.smx] RandomCycle has chosen tfdb_octagon_a6_fix_w for the nextmap.
L 08/07/2017 - 22:29:51: [playercommands.smx] "Vex<517><[U:1:211725457]><>" renamed "Real Joker<505><[U:1:156594836]><>" to "Bad Joker")
L 08/07/2017 - 22:40:01: [playercommands.smx] "Vex<517><[U:1:211725457]><>" slapped "Ecraze<522><[U:1:77045555]><>" (damage "0")
L 08/07/2017 - 22:44:27: [basecommands.smx] "Vex<517><[U:1:211725457]><>" kicked "Pinki<522><[U:1:77045555]><>" (reason "Alting")
L 08/07/2017 - 22:45:39: [SM] Changed map to "tfdb_octagon_a6_fix_w"
L 08/07/2017 - 22:45:42: -------- Mapchange to tfdb_octagon_a6_fix_w --------
L 08/07/2017 - 22:45:49: [unusual_reborn.smx] Unusual effects permissions loaded !
L 08/07/2017 - 22:45:55: [randomcycle.smx] RandomCycle has chosen tfdb_octagon_a6_fix_w for the nextmap.
L 08/07/2017 - 23:46:35: [SM] Changed map to "tfdb_octagon_a6_fix_w"
L 08/07/2017 - 23:46:37: -------- Mapchange to tfdb_octagon_a6_fix_w --------
L 08/07/2017 - 23:46:42: [unusual_reborn.smx] Unusual effects permissions loaded !
L 08/07/2017 - 23:46:47: [randomcycle.smx] RandomCycle has chosen tfdb_octagon_a6_fix_w for the nextmap.
